10-29 08:59 INFO     Tests.py:20  : [CP1] Executing tests for checkpoint 1.
10-29 08:59 INFO     ParseUpdates.py:29  : Time taken to parse all records: 6 second(s)
10-29 08:59 INFO     ParseUpdates.py:30  : Routes announced: 74851 | Routes withdrawn: 8393
10-29 08:59 INFO     Tests.py:28  : [CP1] Time taken to parse all records: 6 second(s)
10-29 08:59 INFO     Tests.py:30  : [CP1] Routes announced: 74851 | Routes withdrawn: 8393
10-29 08:59 INFO     Tests.py:42  : [CP1] At timestamp: 1203380111 | 762 announcements | 47 withdrawals
10-29 08:59 INFO     Tests.py:42  : [CP1] At timestamp: 1203380112 | 3644 announcements | 177 withdrawals
10-29 08:59 INFO     Tests.py:42  : [CP1] At timestamp: 1203380113 | 3460 announcements | 259 withdrawals
10-29 08:59 INFO     Tests.py:42  : [CP1] At timestamp: 1203380114 | 579 announcements | 12 withdrawals
10-29 08:59 INFO     Tests.py:42  : [CP1] At timestamp: 1203380115 | 68 announcements | 0 withdrawals
10-29 08:59 INFO     Tests.py:42  : [CP1] At timestamp: 1203380116 | 74 announcements | 3 withdrawals
10-29 08:59 INFO     Tests.py:42  : [CP1] At timestamp: 1203380117 | 18 announcements | 3 withdrawals
10-29 08:59 INFO     Tests.py:42  : [CP1] At timestamp: 1203380118 | 59 announcements | 3 withdrawals
10-29 08:59 INFO     Tests.py:42  : [CP1] At timestamp: 1203380119 | 71 announcements | 4 withdrawals
10-29 08:59 INFO     Tests.py:42  : [CP1] At timestamp: 1203380120 | 6 announcements | 3 withdrawals
10-29 08:59 INFO     Tests.py:42  : [CP1] At timestamp: 1203380121 | 338 announcements | 0 withdrawals
10-29 08:59 INFO     Tests.py:42  : [CP1] At timestamp: 1203380122 | 134 announcements | 3 withdrawals
10-29 08:59 INFO     Tests.py:42  : [CP1] At timestamp: 1203380123 | 29 announcements | 5 withdrawals
10-29 08:59 INFO     Tests.py:42  : [CP1] At timestamp: 1203380124 | 7 announcements | 1 withdrawals
10-29 08:59 INFO     Tests.py:42  : [CP1] At timestamp: 1203380125 | 30 announcements | 0 withdrawals
10-29 08:59 INFO     Tests.py:42  : [CP1] At timestamp: 1203380126 | 49 announcements | 22 withdrawals
10-29 08:59 INFO     Tests.py:42  : [CP1] At timestamp: 1203380127 | 66 announcements | 15 withdrawals
10-29 08:59 INFO     Tests.py:42  : [CP1] At timestamp: 1203380128 | 25 announcements | 17 withdrawals
10-29 08:59 INFO     Tests.py:42  : [CP1] At timestamp: 1203380129 | 169 announcements | 4 withdrawals
10-29 08:59 INFO     Tests.py:42  : [CP1] At timestamp: 1203380130 | 63 announcements | 28 withdrawals
10-29 08:59 INFO     Tests.py:42  : [CP1] At timestamp: 1203380131 | 90 announcements | 18 withdrawals
10-29 08:59 INFO     Tests.py:42  : [CP1] At timestamp: 1203380132 | 137 announcements | 24 withdrawals
10-29 08:59 INFO     Tests.py:42  : [CP1] At timestamp: 1203380133 | 106 announcements | 2 withdrawals
10-29 08:59 INFO     Tests.py:42  : [CP1] At timestamp: 1203380134 | 10 announcements | 0 withdrawals
10-29 08:59 INFO     Tests.py:42  : [CP1] At timestamp: 1203380135 | 270 announcements | 1 withdrawals
10-29 08:59 INFO     Tests.py:42  : [CP1] At timestamp: 1203380136 | 642 announcements | 39 withdrawals
10-29 08:59 INFO     Tests.py:42  : [CP1] At timestamp: 1203380137 | 351 announcements | 25 withdrawals
10-29 08:59 INFO     Tests.py:42  : [CP1] At timestamp: 1203380138 | 82 announcements | 9 withdrawals
10-29 08:59 INFO     Tests.py:42  : [CP1] At timestamp: 1203380139 | 78 announcements | 7 withdrawals
10-29 08:59 INFO     Tests.py:42  : [CP1] At timestamp: 1203380140 | 22 announcements | 0 withdrawals
10-29 08:59 INFO     Tests.py:42  : [CP1] At timestamp: 1203380141 | 135 announcements | 9 withdrawals
10-29 08:59 INFO     Tests.py:42  : [CP1] At timestamp: 1203380142 | 44 announcements | 1 withdrawals
10-29 08:59 INFO     Tests.py:42  : [CP1] At timestamp: 1203380143 | 20 announcements | 1 withdrawals
10-29 08:59 INFO     Tests.py:42  : [CP1] At timestamp: 1203380144 | 108 announcements | 26 withdrawals
10-29 08:59 INFO     Tests.py:42  : [CP1] At timestamp: 1203380145 | 10 announcements | 24 withdrawals
10-29 08:59 INFO     Tests.py:42  : [CP1] At timestamp: 1203380146 | 306 announcements | 21 withdrawals
10-29 08:59 INFO     Tests.py:42  : [CP1] At timestamp: 1203380147 | 219 announcements | 135 withdrawals
10-29 08:59 INFO     Tests.py:42  : [CP1] At timestamp: 1203380148 | 11 announcements | 25 withdrawals
10-29 08:59 INFO     Tests.py:42  : [CP1] At timestamp: 1203380149 | 191 announcements | 88 withdrawals
10-29 08:59 INFO     Tests.py:42  : [CP1] At timestamp: 1203380150 | 172 announcements | 52 withdrawals
10-29 08:59 INFO     Tests.py:42  : [CP1] At timestamp: 1203380151 | 73 announcements | 3 withdrawals
10-29 08:59 INFO     Tests.py:42  : [CP1] At timestamp: 1203380152 | 101 announcements | 18 withdrawals
10-29 08:59 INFO     Tests.py:42  : [CP1] At timestamp: 1203380153 | 91 announcements | 19 withdrawals
10-29 08:59 INFO     Tests.py:42  : [CP1] At timestamp: 1203380154 | 57 announcements | 0 withdrawals
10-29 08:59 INFO     Tests.py:42  : [CP1] At timestamp: 1203380155 | 74 announcements | 7 withdrawals
10-29 08:59 INFO     Tests.py:42  : [CP1] At timestamp: 1203380156 | 37 announcements | 7 withdrawals
10-29 08:59 INFO     Tests.py:42  : [CP1] At timestamp: 1203380157 | 32 announcements | 7 withdrawals
10-29 08:59 INFO     Tests.py:42  : [CP1] At timestamp: 1203380158 | 65 announcements | 2 withdrawals
10-29 08:59 INFO     Tests.py:42  : [CP1] At timestamp: 1203380159 | 47 announcements | 24 withdrawals
10-29 08:59 INFO     Tests.py:42  : [CP1] At timestamp: 1203380160 | 48 announcements | 4 withdrawals
10-29 08:59 INFO     Tests.py:42  : [CP1] At timestamp: 1203380161 | 33 announcements | 1 withdrawals
10-29 08:59 INFO     Tests.py:42  : [CP1] At timestamp: 1203380162 | 470 announcements | 8 withdrawals
10-29 08:59 INFO     Tests.py:42  : [CP1] At timestamp: 1203380163 | 319 announcements | 26 withdrawals
10-29 08:59 INFO     Tests.py:42  : [CP1] At timestamp: 1203380164 | 85 announcements | 0 withdrawals
10-29 08:59 INFO     Tests.py:42  : [CP1] At timestamp: 1203380171 | 573 announcements | 106 withdrawals
10-29 08:59 INFO     Tests.py:42  : [CP1] At timestamp: 1203380172 | 262 announcements | 2 withdrawals
10-29 08:59 INFO     Tests.py:42  : [CP1] At timestamp: 1203380173 | 26 announcements | 35 withdrawals
10-29 08:59 INFO     Tests.py:42  : [CP1] At timestamp: 1203380174 | 12 announcements | 1 withdrawals
10-29 08:59 INFO     Tests.py:42  : [CP1] At timestamp: 1203380175 | 101 announcements | 61 withdrawals
10-29 08:59 INFO     Tests.py:42  : [CP1] At timestamp: 1203380176 | 86 announcements | 5 withdrawals
10-29 08:59 INFO     Tests.py:42  : [CP1] At timestamp: 1203380177 | 40 announcements | 28 withdrawals
10-29 08:59 INFO     Tests.py:42  : [CP1] At timestamp: 1203380178 | 39 announcements | 44 withdrawals
10-29 08:59 INFO     Tests.py:42  : [CP1] At timestamp: 1203380179 | 92 announcements | 40 withdrawals
10-29 08:59 INFO     Tests.py:42  : [CP1] At timestamp: 1203380180 | 70 announcements | 20 withdrawals
10-29 08:59 INFO     Tests.py:42  : [CP1] At timestamp: 1203380181 | 25 announcements | 5 withdrawals
10-29 08:59 INFO     Tests.py:42  : [CP1] At timestamp: 1203380182 | 65 announcements | 14 withdrawals
10-29 08:59 INFO     Tests.py:42  : [CP1] At timestamp: 1203380183 | 28 announcements | 6 withdrawals
10-29 08:59 INFO     Tests.py:42  : [CP1] At timestamp: 1203380184 | 35 announcements | 23 withdrawals
10-29 08:59 INFO     Tests.py:42  : [CP1] At timestamp: 1203380185 | 21 announcements | 2 withdrawals
10-29 08:59 INFO     Tests.py:42  : [CP1] At timestamp: 1203380186 | 21 announcements | 18 withdrawals
10-29 08:59 INFO     Tests.py:42  : [CP1] At timestamp: 1203380187 | 41 announcements | 18 withdrawals
10-29 08:59 INFO     Tests.py:42  : [CP1] At timestamp: 1203380188 | 257 announcements | 11 withdrawals
10-29 08:59 INFO     Tests.py:42  : [CP1] At timestamp: 1203380189 | 155 announcements | 25 withdrawals
10-29 08:59 INFO     Tests.py:42  : [CP1] At timestamp: 1203380190 | 68 announcements | 7 withdrawals
10-29 08:59 INFO     Tests.py:42  : [CP1] At timestamp: 1203380191 | 9 announcements | 18 withdrawals
10-29 08:59 INFO     Tests.py:42  : [CP1] At timestamp: 1203380192 | 109 announcements | 2 withdrawals
10-29 08:59 INFO     Tests.py:42  : [CP1] At timestamp: 1203380193 | 67 announcements | 6 withdrawals
10-29 08:59 INFO     Tests.py:42  : [CP1] At timestamp: 1203380194 | 4 announcements | 1 withdrawals
10-29 08:59 INFO     Tests.py:42  : [CP1] At timestamp: 1203380195 | 27 announcements | 0 withdrawals
10-29 08:59 INFO     Tests.py:42  : [CP1] At timestamp: 1203380196 | 10 announcements | 3 withdrawals
10-29 08:59 INFO     Tests.py:42  : [CP1] At timestamp: 1203380197 | 15 announcements | 1 withdrawals
10-29 08:59 INFO     Tests.py:42  : [CP1] At timestamp: 1203380198 | 77 announcements | 4 withdrawals
10-29 08:59 INFO     Tests.py:42  : [CP1] At timestamp: 1203380199 | 5 announcements | 0 withdrawals
10-29 08:59 INFO     Tests.py:42  : [CP1] At timestamp: 1203380200 | 14 announcements | 1 withdrawals
10-29 08:59 INFO     Tests.py:42  : [CP1] At timestamp: 1203380201 | 117 announcements | 44 withdrawals
10-29 08:59 INFO     Tests.py:42  : [CP1] At timestamp: 1203380202 | 41 announcements | 28 withdrawals
10-29 08:59 INFO     Tests.py:42  : [CP1] At timestamp: 1203380203 | 11 announcements | 11 withdrawals
10-29 08:59 INFO     Tests.py:42  : [CP1] At timestamp: 1203380204 | 6 announcements | 3 withdrawals
10-29 08:59 INFO     Tests.py:42  : [CP1] At timestamp: 1203380205 | 52 announcements | 36 withdrawals
10-29 08:59 INFO     Tests.py:42  : [CP1] At timestamp: 1203380206 | 52 announcements | 3 withdrawals
10-29 08:59 INFO     Tests.py:42  : [CP1] At timestamp: 1203380207 | 35 announcements | 5 withdrawals
10-29 08:59 INFO     Tests.py:42  : [CP1] At timestamp: 1203380208 | 12 announcements | 3 withdrawals
10-29 08:59 INFO     Tests.py:42  : [CP1] At timestamp: 1203380209 | 46 announcements | 8 withdrawals
10-29 08:59 INFO     Tests.py:42  : [CP1] At timestamp: 1203380210 | 48 announcements | 28 withdrawals
10-29 08:59 INFO     Tests.py:42  : [CP1] At timestamp: 1203380211 | 19 announcements | 2 withdrawals
10-29 08:59 INFO     Tests.py:42  : [CP1] At timestamp: 1203380212 | 34 announcements | 29 withdrawals
10-29 08:59 INFO     Tests.py:42  : [CP1] At timestamp: 1203380213 | 46 announcements | 30 withdrawals
10-29 08:59 INFO     Tests.py:42  : [CP1] At timestamp: 1203380214 | 34 announcements | 10 withdrawals
10-29 08:59 INFO     Tests.py:42  : [CP1] At timestamp: 1203380215 | 44 announcements | 0 withdrawals
10-29 08:59 INFO     Tests.py:42  : [CP1] At timestamp: 1203380216 | 22 announcements | 2 withdrawals
10-29 08:59 INFO     Tests.py:42  : [CP1] At timestamp: 1203380217 | 11 announcements | 0 withdrawals
10-29 08:59 INFO     Tests.py:42  : [CP1] At timestamp: 1203380218 | 8 announcements | 0 withdrawals
10-29 08:59 INFO     Tests.py:42  : [CP1] At timestamp: 1203380219 | 8 announcements | 8 withdrawals
10-29 08:59 INFO     Tests.py:42  : [CP1] At timestamp: 1203380220 | 15 announcements | 2 withdrawals
10-29 08:59 INFO     Tests.py:42  : [CP1] At timestamp: 1203380221 | 18 announcements | 8 withdrawals
10-29 08:59 INFO     Tests.py:42  : [CP1] At timestamp: 1203380222 | 97 announcements | 2 withdrawals
10-29 08:59 INFO     Tests.py:42  : [CP1] At timestamp: 1203380223 | 4 announcements | 13 withdrawals
10-29 08:59 INFO     Tests.py:42  : [CP1] At timestamp: 1203380224 | 46 announcements | 11 withdrawals
10-29 08:59 INFO     Tests.py:42  : [CP1] At timestamp: 1203380231 | 413 announcements | 208 withdrawals
10-29 08:59 INFO     Tests.py:42  : [CP1] At timestamp: 1203380232 | 72 announcements | 1 withdrawals
10-29 08:59 INFO     Tests.py:42  : [CP1] At timestamp: 1203380233 | 141 announcements | 12 withdrawals
10-29 08:59 INFO     Tests.py:42  : [CP1] At timestamp: 1203380234 | 6 announcements | 6 withdrawals
10-29 08:59 INFO     Tests.py:42  : [CP1] At timestamp: 1203380235 | 27 announcements | 7 withdrawals
10-29 08:59 INFO     Tests.py:42  : [CP1] At timestamp: 1203380236 | 174 announcements | 16 withdrawals
10-29 08:59 INFO     Tests.py:42  : [CP1] At timestamp: 1203380237 | 51 announcements | 19 withdrawals
10-29 08:59 INFO     Tests.py:42  : [CP1] At timestamp: 1203380238 | 192 announcements | 11 withdrawals
10-29 08:59 INFO     Tests.py:42  : [CP1] At timestamp: 1203380239 | 35 announcements | 7 withdrawals
10-29 08:59 INFO     Tests.py:42  : [CP1] At timestamp: 1203380240 | 96 announcements | 10 withdrawals
10-29 08:59 INFO     Tests.py:42  : [CP1] At timestamp: 1203380241 | 69 announcements | 20 withdrawals
10-29 08:59 INFO     Tests.py:42  : [CP1] At timestamp: 1203380242 | 37 announcements | 182 withdrawals
10-29 08:59 INFO     Tests.py:42  : [CP1] At timestamp: 1203380243 | 63 announcements | 24 withdrawals
10-29 08:59 INFO     Tests.py:42  : [CP1] At timestamp: 1203380244 | 46 announcements | 10 withdrawals
10-29 08:59 INFO     Tests.py:42  : [CP1] At timestamp: 1203380245 | 43 announcements | 33 withdrawals
10-29 08:59 INFO     Tests.py:42  : [CP1] At timestamp: 1203380246 | 13 announcements | 8 withdrawals
10-29 08:59 INFO     Tests.py:42  : [CP1] At timestamp: 1203380247 | 195 announcements | 5 withdrawals
10-29 08:59 INFO     Tests.py:42  : [CP1] At timestamp: 1203380248 | 16 announcements | 7 withdrawals
10-29 08:59 INFO     Tests.py:42  : [CP1] At timestamp: 1203380249 | 11 announcements | 3 withdrawals
10-29 08:59 INFO     Tests.py:42  : [CP1] At timestamp: 1203380250 | 180 announcements | 19 withdrawals
10-29 08:59 INFO     Tests.py:42  : [CP1] At timestamp: 1203380251 | 8 announcements | 9 withdrawals
10-29 08:59 INFO     Tests.py:42  : [CP1] At timestamp: 1203380252 | 67 announcements | 6 withdrawals
10-29 08:59 INFO     Tests.py:42  : [CP1] At timestamp: 1203380253 | 24 announcements | 25 withdrawals
10-29 08:59 INFO     Tests.py:42  : [CP1] At timestamp: 1203380254 | 43 announcements | 26 withdrawals
10-29 08:59 INFO     Tests.py:42  : [CP1] At timestamp: 1203380255 | 32 announcements | 1 withdrawals
10-29 08:59 INFO     Tests.py:42  : [CP1] At timestamp: 1203380256 | 130 announcements | 20 withdrawals
10-29 08:59 INFO     Tests.py:42  : [CP1] At timestamp: 1203380257 | 72 announcements | 0 withdrawals
10-29 08:59 INFO     Tests.py:42  : [CP1] At timestamp: 1203380258 | 195 announcements | 11 withdrawals
10-29 08:59 INFO     Tests.py:42  : [CP1] At timestamp: 1203380259 | 150 announcements | 2 withdrawals
10-29 08:59 INFO     Tests.py:42  : [CP1] At timestamp: 1203380260 | 76 announcements | 12 withdrawals
10-29 08:59 INFO     Tests.py:42  : [CP1] At timestamp: 1203380261 | 112 announcements | 24 withdrawals
10-29 08:59 INFO     Tests.py:42  : [CP1] At timestamp: 1203380262 | 146 announcements | 12 withdrawals
10-29 08:59 INFO     Tests.py:42  : [CP1] At timestamp: 1203380263 | 189 announcements | 8 withdrawals
10-29 08:59 INFO     Tests.py:42  : [CP1] At timestamp: 1203380264 | 31 announcements | 10 withdrawals
10-29 08:59 INFO     Tests.py:42  : [CP1] At timestamp: 1203380265 | 3 announcements | 0 withdrawals
10-29 08:59 INFO     Tests.py:42  : [CP1] At timestamp: 1203380266 | 268 announcements | 12 withdrawals
10-29 08:59 INFO     Tests.py:42  : [CP1] At timestamp: 1203380267 | 80 announcements | 33 withdrawals
10-29 08:59 INFO     Tests.py:42  : [CP1] At timestamp: 1203380268 | 23 announcements | 0 withdrawals
10-29 08:59 INFO     Tests.py:42  : [CP1] At timestamp: 1203380269 | 216 announcements | 10 withdrawals
10-29 08:59 INFO     Tests.py:42  : [CP1] At timestamp: 1203380270 | 12 announcements | 16 withdrawals
10-29 08:59 INFO     Tests.py:42  : [CP1] At timestamp: 1203380271 | 43 announcements | 22 withdrawals
10-29 08:59 INFO     Tests.py:42  : [CP1] At timestamp: 1203380272 | 53 announcements | 26 withdrawals
10-29 08:59 INFO     Tests.py:42  : [CP1] At timestamp: 1203380273 | 23 announcements | 27 withdrawals
10-29 08:59 INFO     Tests.py:42  : [CP1] At timestamp: 1203380274 | 26 announcements | 15 withdrawals
10-29 08:59 INFO     Tests.py:42  : [CP1] At timestamp: 1203380275 | 27 announcements | 2 withdrawals
10-29 08:59 INFO     Tests.py:42  : [CP1] At timestamp: 1203380276 | 49 announcements | 17 withdrawals
10-29 08:59 INFO     Tests.py:42  : [CP1] At timestamp: 1203380277 | 21 announcements | 3 withdrawals
10-29 08:59 INFO     Tests.py:42  : [CP1] At timestamp: 1203380278 | 48 announcements | 6 withdrawals
10-29 08:59 INFO     Tests.py:42  : [CP1] At timestamp: 1203380279 | 43 announcements | 5 withdrawals
10-29 08:59 INFO     Tests.py:42  : [CP1] At timestamp: 1203380280 | 47 announcements | 3 withdrawals
10-29 08:59 INFO     Tests.py:42  : [CP1] At timestamp: 1203380281 | 80 announcements | 10 withdrawals
10-29 08:59 INFO     Tests.py:42  : [CP1] At timestamp: 1203380282 | 254 announcements | 8 withdrawals
10-29 08:59 INFO     Tests.py:42  : [CP1] At timestamp: 1203380283 | 89 announcements | 3 withdrawals
10-29 08:59 INFO     Tests.py:42  : [CP1] At timestamp: 1203380284 | 579 announcements | 11 withdrawals
10-29 08:59 INFO     Tests.py:42  : [CP1] At timestamp: 1203380291 | 518 announcements | 73 withdrawals
10-29 08:59 INFO     Tests.py:42  : [CP1] At timestamp: 1203380292 | 216 announcements | 6 withdrawals
10-29 08:59 INFO     Tests.py:42  : [CP1] At timestamp: 1203380293 | 67 announcements | 7 withdrawals
10-29 08:59 INFO     Tests.py:42  : [CP1] At timestamp: 1203380294 | 91 announcements | 7 withdrawals
10-29 08:59 INFO     Tests.py:42  : [CP1] At timestamp: 1203380295 | 14 announcements | 3 withdrawals
10-29 08:59 INFO     Tests.py:42  : [CP1] At timestamp: 1203380296 | 187 announcements | 4 withdrawals
10-29 08:59 INFO     Tests.py:42  : [CP1] At timestamp: 1203380297 | 121 announcements | 12 withdrawals
10-29 08:59 INFO     Tests.py:42  : [CP1] At timestamp: 1203380298 | 69 announcements | 9 withdrawals
10-29 08:59 INFO     Tests.py:42  : [CP1] At timestamp: 1203380299 | 62 announcements | 12 withdrawals
10-29 08:59 INFO     Tests.py:42  : [CP1] At timestamp: 1203380300 | 88 announcements | 5 withdrawals
10-29 08:59 INFO     Tests.py:42  : [CP1] At timestamp: 1203380301 | 44 announcements | 7 withdrawals
10-29 08:59 INFO     Tests.py:42  : [CP1] At timestamp: 1203380302 | 54 announcements | 7 withdrawals
10-29 08:59 INFO     Tests.py:42  : [CP1] At timestamp: 1203380303 | 59 announcements | 8 withdrawals
10-29 08:59 INFO     Tests.py:42  : [CP1] At timestamp: 1203380304 | 4 announcements | 2 withdrawals
10-29 08:59 INFO     Tests.py:42  : [CP1] At timestamp: 1203380305 | 20 announcements | 4 withdrawals
10-29 08:59 INFO     Tests.py:42  : [CP1] At timestamp: 1203380306 | 24 announcements | 5 withdrawals
10-29 08:59 INFO     Tests.py:42  : [CP1] At timestamp: 1203380307 | 48 announcements | 2 withdrawals
10-29 08:59 INFO     Tests.py:42  : [CP1] At timestamp: 1203380308 | 30 announcements | 3 withdrawals
10-29 08:59 INFO     Tests.py:42  : [CP1] At timestamp: 1203380309 | 49 announcements | 2 withdrawals
10-29 08:59 INFO     Tests.py:42  : [CP1] At timestamp: 1203380310 | 4 announcements | 0 withdrawals
10-29 08:59 INFO     Tests.py:42  : [CP1] At timestamp: 1203380311 | 28 announcements | 3 withdrawals
10-29 08:59 INFO     Tests.py:42  : [CP1] At timestamp: 1203380312 | 57 announcements | 5 withdrawals
10-29 08:59 INFO     Tests.py:42  : [CP1] At timestamp: 1203380313 | 16 announcements | 4 withdrawals
10-29 08:59 INFO     Tests.py:42  : [CP1] At timestamp: 1203380314 | 47 announcements | 1 withdrawals
10-29 08:59 INFO     Tests.py:42  : [CP1] At timestamp: 1203380315 | 52 announcements | 20 withdrawals
10-29 08:59 INFO     Tests.py:42  : [CP1] At timestamp: 1203380316 | 14 announcements | 1 withdrawals
10-29 08:59 INFO     Tests.py:42  : [CP1] At timestamp: 1203380317 | 37 announcements | 4 withdrawals
10-29 08:59 INFO     Tests.py:42  : [CP1] At timestamp: 1203380318 | 38 announcements | 3 withdrawals
10-29 08:59 INFO     Tests.py:42  : [CP1] At timestamp: 1203380319 | 18 announcements | 5 withdrawals
10-29 08:59 INFO     Tests.py:42  : [CP1] At timestamp: 1203380320 | 34 announcements | 4 withdrawals
10-29 08:59 INFO     Tests.py:42  : [CP1] At timestamp: 1203380321 | 54 announcements | 6 withdrawals
10-29 08:59 INFO     Tests.py:42  : [CP1] At timestamp: 1203380322 | 8 announcements | 2 withdrawals
10-29 08:59 INFO     Tests.py:42  : [CP1] At timestamp: 1203380323 | 43 announcements | 4 withdrawals
10-29 08:59 INFO     Tests.py:42  : [CP1] At timestamp: 1203380324 | 50 announcements | 4 withdrawals
10-29 08:59 INFO     Tests.py:42  : [CP1] At timestamp: 1203380325 | 3 announcements | 12 withdrawals
10-29 08:59 INFO     Tests.py:42  : [CP1] At timestamp: 1203380326 | 88 announcements | 11 withdrawals
10-29 08:59 INFO     Tests.py:42  : [CP1] At timestamp: 1203380327 | 30 announcements | 6 withdrawals
10-29 08:59 INFO     Tests.py:42  : [CP1] At timestamp: 1203380328 | 111 announcements | 16 withdrawals
10-29 08:59 INFO     Tests.py:42  : [CP1] At timestamp: 1203380329 | 64 announcements | 15 withdrawals
10-29 08:59 INFO     Tests.py:42  : [CP1] At timestamp: 1203380330 | 37 announcements | 7 withdrawals
10-29 08:59 INFO     Tests.py:42  : [CP1] At timestamp: 1203380331 | 26 announcements | 2 withdrawals
10-29 08:59 INFO     Tests.py:42  : [CP1] At timestamp: 1203380332 | 46 announcements | 11 withdrawals
10-29 08:59 INFO     Tests.py:42  : [CP1] At timestamp: 1203380333 | 59 announcements | 7 withdrawals
10-29 08:59 INFO     Tests.py:42  : [CP1] At timestamp: 1203380334 | 42 announcements | 12 withdrawals
10-29 08:59 INFO     Tests.py:42  : [CP1] At timestamp: 1203380335 | 31 announcements | 1 withdrawals
10-29 08:59 INFO     Tests.py:42  : [CP1] At timestamp: 1203380336 | 50 announcements | 3 withdrawals
10-29 08:59 INFO     Tests.py:42  : [CP1] At timestamp: 1203380337 | 35 announcements | 15 withdrawals
10-29 08:59 INFO     Tests.py:42  : [CP1] At timestamp: 1203380338 | 13 announcements | 3 withdrawals
10-29 08:59 INFO     Tests.py:42  : [CP1] At timestamp: 1203380339 | 14 announcements | 10 withdrawals
10-29 08:59 INFO     Tests.py:42  : [CP1] At timestamp: 1203380340 | 8 announcements | 6 withdrawals
10-29 08:59 INFO     Tests.py:42  : [CP1] At timestamp: 1203380341 | 50 announcements | 0 withdrawals
10-29 08:59 INFO     Tests.py:42  : [CP1] At timestamp: 1203380342 | 57 announcements | 0 withdrawals
10-29 08:59 INFO     Tests.py:42  : [CP1] At timestamp: 1203380343 | 28 announcements | 3 withdrawals
10-29 08:59 INFO     Tests.py:42  : [CP1] At timestamp: 1203380344 | 22 announcements | 5 withdrawals
10-29 08:59 INFO     Tests.py:42  : [CP1] At timestamp: 1203380351 | 484 announcements | 23 withdrawals
10-29 08:59 INFO     Tests.py:42  : [CP1] At timestamp: 1203380352 | 88 announcements | 18 withdrawals
10-29 08:59 INFO     Tests.py:42  : [CP1] At timestamp: 1203380353 | 5 announcements | 3 withdrawals
10-29 08:59 INFO     Tests.py:42  : [CP1] At timestamp: 1203380354 | 249 announcements | 4 withdrawals
10-29 08:59 INFO     Tests.py:42  : [CP1] At timestamp: 1203380355 | 72 announcements | 10 withdrawals
10-29 08:59 INFO     Tests.py:42  : [CP1] At timestamp: 1203380356 | 119 announcements | 10 withdrawals
10-29 08:59 INFO     Tests.py:42  : [CP1] At timestamp: 1203380357 | 41 announcements | 4 withdrawals
10-29 08:59 INFO     Tests.py:42  : [CP1] At timestamp: 1203380358 | 168 announcements | 16 withdrawals
10-29 08:59 INFO     Tests.py:42  : [CP1] At timestamp: 1203380359 | 48 announcements | 5 withdrawals
10-29 08:59 INFO     Tests.py:42  : [CP1] At timestamp: 1203380360 | 70 announcements | 10 withdrawals
10-29 08:59 INFO     Tests.py:42  : [CP1] At timestamp: 1203380361 | 25 announcements | 9 withdrawals
10-29 08:59 INFO     Tests.py:42  : [CP1] At timestamp: 1203380362 | 97 announcements | 14 withdrawals
10-29 08:59 INFO     Tests.py:42  : [CP1] At timestamp: 1203380363 | 35 announcements | 2 withdrawals
10-29 08:59 INFO     Tests.py:42  : [CP1] At timestamp: 1203380364 | 25 announcements | 6 withdrawals
10-29 08:59 INFO     Tests.py:42  : [CP1] At timestamp: 1203380365 | 28 announcements | 3 withdrawals
10-29 08:59 INFO     Tests.py:42  : [CP1] At timestamp: 1203380366 | 2 announcements | 5 withdrawals
10-29 08:59 INFO     Tests.py:42  : [CP1] At timestamp: 1203380367 | 21 announcements | 0 withdrawals
10-29 08:59 INFO     Tests.py:42  : [CP1] At timestamp: 1203380368 | 12 announcements | 1 withdrawals
10-29 08:59 INFO     Tests.py:42  : [CP1] At timestamp: 1203380369 | 18 announcements | 1 withdrawals
10-29 08:59 INFO     Tests.py:42  : [CP1] At timestamp: 1203380370 | 8 announcements | 0 withdrawals
10-29 08:59 INFO     Tests.py:42  : [CP1] At timestamp: 1203380371 | 40 announcements | 2 withdrawals
10-29 08:59 INFO     Tests.py:42  : [CP1] At timestamp: 1203380372 | 103 announcements | 1 withdrawals
10-29 08:59 INFO     Tests.py:42  : [CP1] At timestamp: 1203380373 | 51 announcements | 3 withdrawals
10-29 08:59 INFO     Tests.py:42  : [CP1] At timestamp: 1203380374 | 67 announcements | 12 withdrawals
10-29 08:59 INFO     Tests.py:42  : [CP1] At timestamp: 1203380375 | 100 announcements | 8 withdrawals
10-29 08:59 INFO     Tests.py:42  : [CP1] At timestamp: 1203380376 | 30 announcements | 5 withdrawals
10-29 08:59 INFO     Tests.py:42  : [CP1] At timestamp: 1203380377 | 22 announcements | 10 withdrawals
10-29 08:59 INFO     Tests.py:42  : [CP1] At timestamp: 1203380378 | 46 announcements | 0 withdrawals
10-29 08:59 INFO     Tests.py:42  : [CP1] At timestamp: 1203380379 | 4 announcements | 0 withdrawals
10-29 08:59 INFO     Tests.py:42  : [CP1] At timestamp: 1203380380 | 136 announcements | 3 withdrawals
10-29 08:59 INFO     Tests.py:42  : [CP1] At timestamp: 1203380381 | 108 announcements | 36 withdrawals
10-29 08:59 INFO     Tests.py:42  : [CP1] At timestamp: 1203380382 | 96 announcements | 11 withdrawals
10-29 08:59 INFO     Tests.py:42  : [CP1] At timestamp: 1203380383 | 34 announcements | 0 withdrawals
10-29 08:59 INFO     Tests.py:42  : [CP1] At timestamp: 1203380384 | 83 announcements | 4 withdrawals
10-29 08:59 INFO     Tests.py:42  : [CP1] At timestamp: 1203380385 | 104 announcements | 11 withdrawals
10-29 08:59 INFO     Tests.py:42  : [CP1] At timestamp: 1203380386 | 192 announcements | 26 withdrawals
10-29 08:59 INFO     Tests.py:42  : [CP1] At timestamp: 1203380387 | 29 announcements | 3 withdrawals
10-29 08:59 INFO     Tests.py:42  : [CP1] At timestamp: 1203380388 | 84 announcements | 45 withdrawals
10-29 08:59 INFO     Tests.py:42  : [CP1] At timestamp: 1203380389 | 241 announcements | 15 withdrawals
10-29 08:59 INFO     Tests.py:42  : [CP1] At timestamp: 1203380390 | 82 announcements | 8 withdrawals
10-29 08:59 INFO     Tests.py:42  : [CP1] At timestamp: 1203380391 | 46 announcements | 8 withdrawals
10-29 08:59 INFO     Tests.py:42  : [CP1] At timestamp: 1203380392 | 70 announcements | 17 withdrawals
10-29 08:59 INFO     Tests.py:42  : [CP1] At timestamp: 1203380393 | 165 announcements | 84 withdrawals
10-29 08:59 INFO     Tests.py:42  : [CP1] At timestamp: 1203380394 | 44 announcements | 5 withdrawals
10-29 08:59 INFO     Tests.py:42  : [CP1] At timestamp: 1203380395 | 29 announcements | 30 withdrawals
10-29 08:59 INFO     Tests.py:42  : [CP1] At timestamp: 1203380396 | 83 announcements | 10 withdrawals
10-29 08:59 INFO     Tests.py:42  : [CP1] At timestamp: 1203380397 | 53 announcements | 16 withdrawals
10-29 08:59 INFO     Tests.py:42  : [CP1] At timestamp: 1203380398 | 57 announcements | 16 withdrawals
10-29 08:59 INFO     Tests.py:42  : [CP1] At timestamp: 1203380399 | 70 announcements | 6 withdrawals
10-29 08:59 INFO     Tests.py:42  : [CP1] At timestamp: 1203380400 | 25 announcements | 4 withdrawals
10-29 08:59 INFO     Tests.py:42  : [CP1] At timestamp: 1203380401 | 56 announcements | 8 withdrawals
10-29 08:59 INFO     Tests.py:42  : [CP1] At timestamp: 1203380402 | 120 announcements | 4 withdrawals
10-29 08:59 INFO     Tests.py:42  : [CP1] At timestamp: 1203380403 | 34 announcements | 15 withdrawals
10-29 08:59 INFO     Tests.py:42  : [CP1] At timestamp: 1203380404 | 6 announcements | 0 withdrawals
10-29 08:59 INFO     Tests.py:42  : [CP1] At timestamp: 1203380411 | 653 announcements | 77 withdrawals
10-29 08:59 INFO     Tests.py:42  : [CP1] At timestamp: 1203380412 | 227 announcements | 9 withdrawals
10-29 08:59 INFO     Tests.py:42  : [CP1] At timestamp: 1203380413 | 79 announcements | 23 withdrawals
10-29 08:59 INFO     Tests.py:42  : [CP1] At timestamp: 1203380414 | 284 announcements | 16 withdrawals
10-29 08:59 INFO     Tests.py:42  : [CP1] At timestamp: 1203380415 | 124 announcements | 14 withdrawals
10-29 08:59 INFO     Tests.py:42  : [CP1] At timestamp: 1203380416 | 173 announcements | 2 withdrawals
10-29 08:59 INFO     Tests.py:42  : [CP1] At timestamp: 1203380417 | 84 announcements | 19 withdrawals
10-29 08:59 INFO     Tests.py:42  : [CP1] At timestamp: 1203380418 | 62 announcements | 1 withdrawals
10-29 08:59 INFO     Tests.py:42  : [CP1] At timestamp: 1203380419 | 70 announcements | 14 withdrawals
10-29 08:59 INFO     Tests.py:42  : [CP1] At timestamp: 1203380420 | 153 announcements | 45 withdrawals
10-29 08:59 INFO     Tests.py:42  : [CP1] At timestamp: 1203380421 | 125 announcements | 47 withdrawals
10-29 08:59 INFO     Tests.py:42  : [CP1] At timestamp: 1203380422 | 30 announcements | 28 withdrawals
10-29 08:59 INFO     Tests.py:42  : [CP1] At timestamp: 1203380423 | 110 announcements | 21 withdrawals
10-29 08:59 INFO     Tests.py:42  : [CP1] At timestamp: 1203380424 | 159 announcements | 2 withdrawals
10-29 08:59 INFO     Tests.py:42  : [CP1] At timestamp: 1203380425 | 33 announcements | 10 withdrawals
10-29 08:59 INFO     Tests.py:42  : [CP1] At timestamp: 1203380426 | 40 announcements | 15 withdrawals
10-29 08:59 INFO     Tests.py:42  : [CP1] At timestamp: 1203380427 | 35 announcements | 0 withdrawals
10-29 08:59 INFO     Tests.py:42  : [CP1] At timestamp: 1203380428 | 64 announcements | 1 withdrawals
10-29 08:59 INFO     Tests.py:42  : [CP1] At timestamp: 1203380429 | 29 announcements | 5 withdrawals
10-29 08:59 INFO     Tests.py:42  : [CP1] At timestamp: 1203380430 | 73 announcements | 0 withdrawals
10-29 08:59 INFO     Tests.py:42  : [CP1] At timestamp: 1203380431 | 30 announcements | 0 withdrawals
10-29 08:59 INFO     Tests.py:42  : [CP1] At timestamp: 1203380432 | 68 announcements | 0 withdrawals
10-29 08:59 INFO     Tests.py:42  : [CP1] At timestamp: 1203380433 | 35 announcements | 3 withdrawals
10-29 08:59 INFO     Tests.py:42  : [CP1] At timestamp: 1203380434 | 34 announcements | 0 withdrawals
10-29 08:59 INFO     Tests.py:42  : [CP1] At timestamp: 1203380435 | 108 announcements | 6 withdrawals
10-29 08:59 INFO     Tests.py:42  : [CP1] At timestamp: 1203380436 | 132 announcements | 22 withdrawals
10-29 08:59 INFO     Tests.py:42  : [CP1] At timestamp: 1203380437 | 24 announcements | 1 withdrawals
10-29 08:59 INFO     Tests.py:42  : [CP1] At timestamp: 1203380438 | 16 announcements | 0 withdrawals
10-29 08:59 INFO     Tests.py:42  : [CP1] At timestamp: 1203380439 | 152 announcements | 3 withdrawals
10-29 08:59 INFO     Tests.py:42  : [CP1] At timestamp: 1203380440 | 59 announcements | 1 withdrawals
10-29 08:59 INFO     Tests.py:42  : [CP1] At timestamp: 1203380441 | 96 announcements | 6 withdrawals
10-29 08:59 INFO     Tests.py:42  : [CP1] At timestamp: 1203380442 | 96 announcements | 22 withdrawals
10-29 08:59 INFO     Tests.py:42  : [CP1] At timestamp: 1203380443 | 52 announcements | 7 withdrawals
10-29 08:59 INFO     Tests.py:42  : [CP1] At timestamp: 1203380444 | 34 announcements | 1 withdrawals
10-29 08:59 INFO     Tests.py:42  : [CP1] At timestamp: 1203380445 | 12 announcements | 7 withdrawals
10-29 08:59 INFO     Tests.py:42  : [CP1] At timestamp: 1203380446 | 156 announcements | 5 withdrawals
10-29 08:59 INFO     Tests.py:42  : [CP1] At timestamp: 1203380447 | 50 announcements | 29 withdrawals
10-29 08:59 INFO     Tests.py:42  : [CP1] At timestamp: 1203380448 | 134 announcements | 0 withdrawals
10-29 08:59 INFO     Tests.py:42  : [CP1] At timestamp: 1203380449 | 167 announcements | 4 withdrawals
10-29 08:59 INFO     Tests.py:42  : [CP1] At timestamp: 1203380450 | 86 announcements | 7 withdrawals
10-29 08:59 INFO     Tests.py:42  : [CP1] At timestamp: 1203380451 | 105 announcements | 35 withdrawals
10-29 08:59 INFO     Tests.py:42  : [CP1] At timestamp: 1203380452 | 102 announcements | 7 withdrawals
10-29 08:59 INFO     Tests.py:42  : [CP1] At timestamp: 1203380453 | 143 announcements | 7 withdrawals
10-29 08:59 INFO     Tests.py:42  : [CP1] At timestamp: 1203380454 | 65 announcements | 2 withdrawals
10-29 08:59 INFO     Tests.py:42  : [CP1] At timestamp: 1203380455 | 107 announcements | 1 withdrawals
10-29 08:59 INFO     Tests.py:42  : [CP1] At timestamp: 1203380456 | 67 announcements | 17 withdrawals
10-29 08:59 INFO     Tests.py:42  : [CP1] At timestamp: 1203380457 | 141 announcements | 14 withdrawals
10-29 08:59 INFO     Tests.py:42  : [CP1] At timestamp: 1203380458 | 86 announcements | 6 withdrawals
10-29 08:59 INFO     Tests.py:42  : [CP1] At timestamp: 1203380459 | 51 announcements | 10 withdrawals
10-29 08:59 INFO     Tests.py:42  : [CP1] At timestamp: 1203380460 | 1 announcements | 0 withdrawals
10-29 08:59 INFO     Tests.py:42  : [CP1] At timestamp: 1203380461 | 424 announcements | 1 withdrawals
10-29 08:59 INFO     Tests.py:42  : [CP1] At timestamp: 1203380462 | 708 announcements | 1 withdrawals
10-29 08:59 INFO     Tests.py:42  : [CP1] At timestamp: 1203380463 | 283 announcements | 30 withdrawals
10-29 08:59 INFO     Tests.py:42  : [CP1] At timestamp: 1203380464 | 109 announcements | 25 withdrawals
10-29 08:59 INFO     Tests.py:42  : [CP1] At timestamp: 1203380471 | 459 announcements | 197 withdrawals
10-29 08:59 INFO     Tests.py:42  : [CP1] At timestamp: 1203380472 | 1704 announcements | 67 withdrawals
10-29 08:59 INFO     Tests.py:42  : [CP1] At timestamp: 1203380473 | 12 announcements | 0 withdrawals
10-29 08:59 INFO     Tests.py:42  : [CP1] At timestamp: 1203380474 | 5 announcements | 1 withdrawals
10-29 08:59 INFO     Tests.py:42  : [CP1] At timestamp: 1203380475 | 50 announcements | 7 withdrawals
10-29 08:59 INFO     Tests.py:42  : [CP1] At timestamp: 1203380476 | 95 announcements | 0 withdrawals
10-29 08:59 INFO     Tests.py:42  : [CP1] At timestamp: 1203380477 | 310 announcements | 1 withdrawals
10-29 08:59 INFO     Tests.py:42  : [CP1] At timestamp: 1203380478 | 295 announcements | 8 withdrawals
10-29 08:59 INFO     Tests.py:42  : [CP1] At timestamp: 1203380479 | 53 announcements | 9 withdrawals
10-29 08:59 INFO     Tests.py:42  : [CP1] At timestamp: 1203380480 | 154 announcements | 11 withdrawals
10-29 08:59 INFO     Tests.py:42  : [CP1] At timestamp: 1203380481 | 105 announcements | 5 withdrawals
10-29 08:59 INFO     Tests.py:42  : [CP1] At timestamp: 1203380482 | 410 announcements | 17 withdrawals
10-29 08:59 INFO     Tests.py:42  : [CP1] At timestamp: 1203380483 | 98 announcements | 18 withdrawals
10-29 08:59 INFO     Tests.py:42  : [CP1] At timestamp: 1203380484 | 49 announcements | 13 withdrawals
10-29 08:59 INFO     Tests.py:42  : [CP1] At timestamp: 1203380485 | 190 announcements | 7 withdrawals
10-29 08:59 INFO     Tests.py:42  : [CP1] At timestamp: 1203380486 | 200 announcements | 9 withdrawals
10-29 08:59 INFO     Tests.py:42  : [CP1] At timestamp: 1203380487 | 17 announcements | 12 withdrawals
10-29 08:59 INFO     Tests.py:42  : [CP1] At timestamp: 1203380488 | 29 announcements | 3 withdrawals
10-29 08:59 INFO     Tests.py:42  : [CP1] At timestamp: 1203380489 | 198 announcements | 5 withdrawals
10-29 08:59 INFO     Tests.py:42  : [CP1] At timestamp: 1203380490 | 187 announcements | 0 withdrawals
10-29 08:59 INFO     Tests.py:42  : [CP1] At timestamp: 1203380491 | 57 announcements | 3 withdrawals
10-29 08:59 INFO     Tests.py:42  : [CP1] At timestamp: 1203380492 | 418 announcements | 1 withdrawals
10-29 08:59 INFO     Tests.py:42  : [CP1] At timestamp: 1203380493 | 335 announcements | 2 withdrawals
10-29 08:59 INFO     Tests.py:42  : [CP1] At timestamp: 1203380494 | 2 announcements | 6 withdrawals
10-29 08:59 INFO     Tests.py:42  : [CP1] At timestamp: 1203380495 | 35 announcements | 7 withdrawals
10-29 08:59 INFO     Tests.py:42  : [CP1] At timestamp: 1203380496 | 34 announcements | 7 withdrawals
10-29 08:59 INFO     Tests.py:42  : [CP1] At timestamp: 1203380497 | 28 announcements | 24 withdrawals
10-29 08:59 INFO     Tests.py:42  : [CP1] At timestamp: 1203380498 | 0 announcements | 5 withdrawals
10-29 08:59 INFO     Tests.py:42  : [CP1] At timestamp: 1203380499 | 4 announcements | 0 withdrawals
10-29 08:59 INFO     Tests.py:42  : [CP1] At timestamp: 1203380500 | 213 announcements | 9 withdrawals
10-29 08:59 INFO     Tests.py:42  : [CP1] At timestamp: 1203380501 | 300 announcements | 170 withdrawals
10-29 08:59 INFO     Tests.py:42  : [CP1] At timestamp: 1203380502 | 119 announcements | 16 withdrawals
10-29 08:59 INFO     Tests.py:42  : [CP1] At timestamp: 1203380503 | 231 announcements | 0 withdrawals
10-29 08:59 INFO     Tests.py:42  : [CP1] At timestamp: 1203380504 | 1 announcements | 0 withdrawals
10-29 08:59 INFO     Tests.py:42  : [CP1] At timestamp: 1203380505 | 16 announcements | 6 withdrawals
10-29 08:59 INFO     Tests.py:42  : [CP1] At timestamp: 1203380506 | 15 announcements | 0 withdrawals
10-29 08:59 INFO     Tests.py:42  : [CP1] At timestamp: 1203380507 | 41 announcements | 6 withdrawals
10-29 08:59 INFO     Tests.py:42  : [CP1] At timestamp: 1203380508 | 11 announcements | 6 withdrawals
10-29 08:59 INFO     Tests.py:42  : [CP1] At timestamp: 1203380509 | 193 announcements | 11 withdrawals
10-29 08:59 INFO     Tests.py:42  : [CP1] At timestamp: 1203380510 | 237 announcements | 31 withdrawals
10-29 08:59 INFO     Tests.py:42  : [CP1] At timestamp: 1203380511 | 17 announcements | 1 withdrawals
10-29 08:59 INFO     Tests.py:42  : [CP1] At timestamp: 1203380512 | 202 announcements | 14 withdrawals
10-29 08:59 INFO     Tests.py:42  : [CP1] At timestamp: 1203380513 | 1 announcements | 0 withdrawals
10-29 08:59 INFO     Tests.py:42  : [CP1] At timestamp: 1203380514 | 23 announcements | 8 withdrawals
10-29 08:59 INFO     Tests.py:42  : [CP1] At timestamp: 1203380515 | 22 announcements | 11 withdrawals
10-29 08:59 INFO     Tests.py:42  : [CP1] At timestamp: 1203380516 | 37 announcements | 6 withdrawals
10-29 08:59 INFO     Tests.py:42  : [CP1] At timestamp: 1203380517 | 19 announcements | 9 withdrawals
10-29 08:59 INFO     Tests.py:42  : [CP1] At timestamp: 1203380518 | 29 announcements | 0 withdrawals
10-29 08:59 INFO     Tests.py:42  : [CP1] At timestamp: 1203380519 | 31 announcements | 0 withdrawals
10-29 08:59 INFO     Tests.py:42  : [CP1] At timestamp: 1203380520 | 18 announcements | 0 withdrawals
10-29 08:59 INFO     Tests.py:42  : [CP1] At timestamp: 1203380521 | 3 announcements | 0 withdrawals
10-29 08:59 INFO     Tests.py:42  : [CP1] At timestamp: 1203380522 | 199 announcements | 1 withdrawals
10-29 08:59 INFO     Tests.py:42  : [CP1] At timestamp: 1203380523 | 4 announcements | 0 withdrawals
10-29 08:59 INFO     Tests.py:42  : [CP1] At timestamp: 1203380524 | 74 announcements | 1 withdrawals
10-29 08:59 INFO     Tests.py:42  : [CP1] At timestamp: 1203380531 | 421 announcements | 15 withdrawals
10-29 08:59 INFO     Tests.py:42  : [CP1] At timestamp: 1203380532 | 11 announcements | 0 withdrawals
10-29 08:59 INFO     Tests.py:42  : [CP1] At timestamp: 1203380533 | 193 announcements | 1 withdrawals
10-29 08:59 INFO     Tests.py:42  : [CP1] At timestamp: 1203380534 | 1 announcements | 0 withdrawals
10-29 08:59 INFO     Tests.py:42  : [CP1] At timestamp: 1203380536 | 5 announcements | 0 withdrawals
10-29 08:59 INFO     Tests.py:42  : [CP1] At timestamp: 1203380537 | 0 announcements | 7 withdrawals
10-29 08:59 INFO     Tests.py:42  : [CP1] At timestamp: 1203380538 | 57 announcements | 1 withdrawals
10-29 08:59 INFO     Tests.py:42  : [CP1] At timestamp: 1203380539 | 7 announcements | 1 withdrawals
10-29 08:59 INFO     Tests.py:42  : [CP1] At timestamp: 1203380540 | 34 announcements | 8 withdrawals
10-29 08:59 INFO     Tests.py:42  : [CP1] At timestamp: 1203380541 | 3 announcements | 0 withdrawals
10-29 08:59 INFO     Tests.py:42  : [CP1] At timestamp: 1203380542 | 39 announcements | 6 withdrawals
10-29 08:59 INFO     Tests.py:42  : [CP1] At timestamp: 1203380543 | 14 announcements | 3 withdrawals
10-29 08:59 INFO     Tests.py:42  : [CP1] At timestamp: 1203380544 | 13 announcements | 3 withdrawals
10-29 08:59 INFO     Tests.py:42  : [CP1] At timestamp: 1203380545 | 23 announcements | 3 withdrawals
10-29 08:59 INFO     Tests.py:42  : [CP1] At timestamp: 1203380546 | 4 announcements | 1 withdrawals
10-29 08:59 INFO     Tests.py:42  : [CP1] At timestamp: 1203380547 | 1 announcements | 0 withdrawals
10-29 08:59 INFO     Tests.py:42  : [CP1] At timestamp: 1203380548 | 7 announcements | 0 withdrawals
10-29 08:59 INFO     Tests.py:42  : [CP1] At timestamp: 1203380549 | 14 announcements | 2 withdrawals
10-29 08:59 INFO     Tests.py:42  : [CP1] At timestamp: 1203380550 | 1 announcements | 0 withdrawals
10-29 08:59 INFO     Tests.py:42  : [CP1] At timestamp: 1203380551 | 1 announcements | 0 withdrawals
10-29 08:59 INFO     Tests.py:42  : [CP1] At timestamp: 1203380552 | 28 announcements | 1 withdrawals
10-29 08:59 INFO     Tests.py:42  : [CP1] At timestamp: 1203380553 | 132 announcements | 0 withdrawals
10-29 08:59 INFO     Tests.py:42  : [CP1] At timestamp: 1203380554 | 11 announcements | 1 withdrawals
10-29 08:59 INFO     Tests.py:42  : [CP1] At timestamp: 1203380555 | 21 announcements | 4 withdrawals
10-29 08:59 INFO     Tests.py:42  : [CP1] At timestamp: 1203380557 | 200 announcements | 6 withdrawals
10-29 08:59 INFO     Tests.py:42  : [CP1] At timestamp: 1203380558 | 19 announcements | 8 withdrawals
10-29 08:59 INFO     Tests.py:42  : [CP1] At timestamp: 1203380559 | 6 announcements | 1 withdrawals
10-29 08:59 INFO     Tests.py:42  : [CP1] At timestamp: 1203380560 | 3 announcements | 1 withdrawals
10-29 08:59 INFO     Tests.py:42  : [CP1] At timestamp: 1203380561 | 9 announcements | 1 withdrawals
10-29 08:59 INFO     Tests.py:42  : [CP1] At timestamp: 1203380562 | 7 announcements | 1 withdrawals
10-29 08:59 INFO     Tests.py:42  : [CP1] At timestamp: 1203380563 | 33 announcements | 2 withdrawals
10-29 08:59 INFO     Tests.py:42  : [CP1] At timestamp: 1203380564 | 7 announcements | 0 withdrawals
10-29 08:59 INFO     Tests.py:42  : [CP1] At timestamp: 1203380565 | 4 announcements | 0 withdrawals
10-29 08:59 INFO     Tests.py:42  : [CP1] At timestamp: 1203380566 | 6 announcements | 0 withdrawals
10-29 08:59 INFO     Tests.py:42  : [CP1] At timestamp: 1203380567 | 10 announcements | 0 withdrawals
10-29 08:59 INFO     Tests.py:42  : [CP1] At timestamp: 1203380568 | 13 announcements | 0 withdrawals
10-29 08:59 INFO     Tests.py:42  : [CP1] At timestamp: 1203380569 | 10 announcements | 1 withdrawals
10-29 08:59 INFO     Tests.py:42  : [CP1] At timestamp: 1203380570 | 22 announcements | 4 withdrawals
10-29 08:59 INFO     Tests.py:42  : [CP1] At timestamp: 1203380571 | 12 announcements | 2 withdrawals
10-29 08:59 INFO     Tests.py:42  : [CP1] At timestamp: 1203380572 | 17 announcements | 0 withdrawals
10-29 08:59 INFO     Tests.py:42  : [CP1] At timestamp: 1203380573 | 17 announcements | 1 withdrawals
10-29 08:59 INFO     Tests.py:42  : [CP1] At timestamp: 1203380574 | 25 announcements | 1 withdrawals
10-29 08:59 INFO     Tests.py:42  : [CP1] At timestamp: 1203380575 | 28 announcements | 2 withdrawals
10-29 08:59 INFO     Tests.py:42  : [CP1] At timestamp: 1203380576 | 10 announcements | 2 withdrawals
10-29 08:59 INFO     Tests.py:42  : [CP1] At timestamp: 1203380578 | 15 announcements | 3 withdrawals
10-29 08:59 INFO     Tests.py:42  : [CP1] At timestamp: 1203380579 | 13 announcements | 5 withdrawals
10-29 08:59 INFO     Tests.py:42  : [CP1] At timestamp: 1203380580 | 21 announcements | 5 withdrawals
10-29 08:59 INFO     Tests.py:42  : [CP1] At timestamp: 1203380581 | 3 announcements | 2 withdrawals
10-29 08:59 INFO     Tests.py:42  : [CP1] At timestamp: 1203380582 | 14 announcements | 1 withdrawals
10-29 08:59 INFO     Tests.py:42  : [CP1] At timestamp: 1203380583 | 9 announcements | 8 withdrawals
10-29 08:59 INFO     Tests.py:42  : [CP1] At timestamp: 1203380584 | 2 announcements | 0 withdrawals
10-29 08:59 INFO     Tests.py:42  : [CP1] At timestamp: 1203380591 | 385 announcements | 17 withdrawals
10-29 08:59 INFO     Tests.py:42  : [CP1] At timestamp: 1203380592 | 20 announcements | 2 withdrawals
10-29 08:59 INFO     Tests.py:42  : [CP1] At timestamp: 1203380593 | 215 announcements | 18 withdrawals
10-29 08:59 INFO     Tests.py:42  : [CP1] At timestamp: 1203380594 | 42 announcements | 2 withdrawals
10-29 08:59 INFO     Tests.py:42  : [CP1] At timestamp: 1203380595 | 167 announcements | 0 withdrawals
10-29 08:59 INFO     Tests.py:42  : [CP1] At timestamp: 1203380596 | 33 announcements | 0 withdrawals
10-29 08:59 INFO     Tests.py:42  : [CP1] At timestamp: 1203380597 | 61 announcements | 1 withdrawals
10-29 08:59 INFO     Tests.py:42  : [CP1] At timestamp: 1203380598 | 67 announcements | 1 withdrawals
10-29 08:59 INFO     Tests.py:42  : [CP1] At timestamp: 1203380599 | 60 announcements | 3 withdrawals
10-29 08:59 INFO     Tests.py:42  : [CP1] At timestamp: 1203380600 | 64 announcements | 1 withdrawals
10-29 08:59 INFO     Tests.py:42  : [CP1] At timestamp: 1203380601 | 85 announcements | 3 withdrawals
10-29 08:59 INFO     Tests.py:42  : [CP1] At timestamp: 1203380602 | 63 announcements | 3 withdrawals
10-29 08:59 INFO     Tests.py:42  : [CP1] At timestamp: 1203380603 | 49 announcements | 3 withdrawals
10-29 08:59 INFO     Tests.py:42  : [CP1] At timestamp: 1203380604 | 97 announcements | 5 withdrawals
10-29 08:59 INFO     Tests.py:42  : [CP1] At timestamp: 1203380605 | 11 announcements | 0 withdrawals
10-29 08:59 INFO     Tests.py:42  : [CP1] At timestamp: 1203380606 | 106 announcements | 5 withdrawals
10-29 08:59 INFO     Tests.py:42  : [CP1] At timestamp: 1203380607 | 2 announcements | 3 withdrawals
10-29 08:59 INFO     Tests.py:42  : [CP1] At timestamp: 1203380608 | 35 announcements | 0 withdrawals
10-29 08:59 INFO     Tests.py:42  : [CP1] At timestamp: 1203380609 | 26 announcements | 5 withdrawals
10-29 08:59 INFO     Tests.py:42  : [CP1] At timestamp: 1203380610 | 69 announcements | 10 withdrawals
10-29 08:59 INFO     Tests.py:42  : [CP1] At timestamp: 1203380611 | 4 announcements | 1 withdrawals
10-29 08:59 INFO     Tests.py:42  : [CP1] At timestamp: 1203380612 | 228 announcements | 6 withdrawals
10-29 08:59 INFO     Tests.py:42  : [CP1] At timestamp: 1203380613 | 2 announcements | 5 withdrawals
10-29 08:59 INFO     Tests.py:42  : [CP1] At timestamp: 1203380614 | 0 announcements | 2 withdrawals
10-29 08:59 INFO     Tests.py:42  : [CP1] At timestamp: 1203380615 | 8 announcements | 0 withdrawals
10-29 08:59 INFO     Tests.py:42  : [CP1] At timestamp: 1203380616 | 435 announcements | 2 withdrawals
10-29 08:59 INFO     Tests.py:42  : [CP1] At timestamp: 1203380617 | 70 announcements | 3 withdrawals
10-29 08:59 INFO     Tests.py:42  : [CP1] At timestamp: 1203380618 | 41 announcements | 0 withdrawals
10-29 08:59 INFO     Tests.py:42  : [CP1] At timestamp: 1203380619 | 6 announcements | 0 withdrawals
10-29 08:59 INFO     Tests.py:42  : [CP1] At timestamp: 1203380620 | 46 announcements | 5 withdrawals
10-29 08:59 INFO     Tests.py:42  : [CP1] At timestamp: 1203380621 | 24 announcements | 0 withdrawals
10-29 08:59 INFO     Tests.py:42  : [CP1] At timestamp: 1203380622 | 99 announcements | 2 withdrawals
10-29 08:59 INFO     Tests.py:42  : [CP1] At timestamp: 1203380623 | 126 announcements | 4 withdrawals
10-29 08:59 INFO     Tests.py:42  : [CP1] At timestamp: 1203380624 | 153 announcements | 59 withdrawals
10-29 08:59 INFO     Tests.py:42  : [CP1] At timestamp: 1203380625 | 557 announcements | 14 withdrawals
10-29 08:59 INFO     Tests.py:42  : [CP1] At timestamp: 1203380626 | 334 announcements | 19 withdrawals
10-29 08:59 INFO     Tests.py:42  : [CP1] At timestamp: 1203380627 | 29 announcements | 13 withdrawals
10-29 08:59 INFO     Tests.py:42  : [CP1] At timestamp: 1203380628 | 47 announcements | 0 withdrawals
10-29 08:59 INFO     Tests.py:42  : [CP1] At timestamp: 1203380629 | 60 announcements | 3 withdrawals
10-29 08:59 INFO     Tests.py:42  : [CP1] At timestamp: 1203380630 | 64 announcements | 0 withdrawals
10-29 08:59 INFO     Tests.py:42  : [CP1] At timestamp: 1203380631 | 70 announcements | 4 withdrawals
10-29 08:59 INFO     Tests.py:42  : [CP1] At timestamp: 1203380632 | 253 announcements | 14 withdrawals
10-29 08:59 INFO     Tests.py:42  : [CP1] At timestamp: 1203380633 | 32 announcements | 11 withdrawals
10-29 08:59 INFO     Tests.py:42  : [CP1] At timestamp: 1203380634 | 142 announcements | 27 withdrawals
10-29 08:59 INFO     Tests.py:42  : [CP1] At timestamp: 1203380635 | 20 announcements | 8 withdrawals
10-29 08:59 INFO     Tests.py:42  : [CP1] At timestamp: 1203380636 | 202 announcements | 7 withdrawals
10-29 08:59 INFO     Tests.py:42  : [CP1] At timestamp: 1203380637 | 64 announcements | 6 withdrawals
10-29 08:59 INFO     Tests.py:42  : [CP1] At timestamp: 1203380638 | 46 announcements | 1 withdrawals
10-29 08:59 INFO     Tests.py:42  : [CP1] At timestamp: 1203380639 | 7 announcements | 1 withdrawals
10-29 08:59 INFO     Tests.py:42  : [CP1] At timestamp: 1203380640 | 82 announcements | 5 withdrawals
10-29 08:59 INFO     Tests.py:42  : [CP1] At timestamp: 1203380641 | 42 announcements | 5 withdrawals
10-29 08:59 INFO     Tests.py:42  : [CP1] At timestamp: 1203380642 | 128 announcements | 15 withdrawals
10-29 08:59 INFO     Tests.py:42  : [CP1] At timestamp: 1203380643 | 48 announcements | 0 withdrawals
10-29 08:59 INFO     Tests.py:42  : [CP1] At timestamp: 1203380644 | 46 announcements | 3 withdrawals
10-29 08:59 INFO     Tests.py:42  : [CP1] At timestamp: 1203380651 | 666 announcements | 126 withdrawals
10-29 08:59 INFO     Tests.py:42  : [CP1] At timestamp: 1203380652 | 561 announcements | 21 withdrawals
10-29 08:59 INFO     Tests.py:42  : [CP1] At timestamp: 1203380653 | 134 announcements | 30 withdrawals
10-29 08:59 INFO     Tests.py:42  : [CP1] At timestamp: 1203380654 | 19 announcements | 8 withdrawals
10-29 08:59 INFO     Tests.py:42  : [CP1] At timestamp: 1203380655 | 74 announcements | 5 withdrawals
10-29 08:59 INFO     Tests.py:42  : [CP1] At timestamp: 1203380656 | 65 announcements | 1 withdrawals
10-29 08:59 INFO     Tests.py:42  : [CP1] At timestamp: 1203380657 | 77 announcements | 17 withdrawals
10-29 08:59 INFO     Tests.py:42  : [CP1] At timestamp: 1203380658 | 20 announcements | 0 withdrawals
10-29 08:59 INFO     Tests.py:42  : [CP1] At timestamp: 1203380659 | 48 announcements | 21 withdrawals
10-29 08:59 INFO     Tests.py:42  : [CP1] At timestamp: 1203380660 | 279 announcements | 36 withdrawals
10-29 08:59 INFO     Tests.py:42  : [CP1] At timestamp: 1203380661 | 41 announcements | 1 withdrawals
10-29 08:59 INFO     Tests.py:42  : [CP1] At timestamp: 1203380662 | 341 announcements | 47 withdrawals
10-29 08:59 INFO     Tests.py:42  : [CP1] At timestamp: 1203380663 | 9 announcements | 2 withdrawals
10-29 08:59 INFO     Tests.py:42  : [CP1] At timestamp: 1203380664 | 175 announcements | 9 withdrawals
10-29 08:59 INFO     Tests.py:42  : [CP1] At timestamp: 1203380665 | 27 announcements | 23 withdrawals
10-29 08:59 INFO     Tests.py:42  : [CP1] At timestamp: 1203380666 | 118 announcements | 46 withdrawals
10-29 08:59 INFO     Tests.py:42  : [CP1] At timestamp: 1203380667 | 4 announcements | 1 withdrawals
10-29 08:59 INFO     Tests.py:42  : [CP1] At timestamp: 1203380668 | 118 announcements | 12 withdrawals
10-29 08:59 INFO     Tests.py:42  : [CP1] At timestamp: 1203380669 | 22 announcements | 17 withdrawals
10-29 08:59 INFO     Tests.py:42  : [CP1] At timestamp: 1203380670 | 40 announcements | 23 withdrawals
10-29 08:59 INFO     Tests.py:42  : [CP1] At timestamp: 1203380671 | 56 announcements | 21 withdrawals
10-29 08:59 INFO     Tests.py:42  : [CP1] At timestamp: 1203380672 | 514 announcements | 1 withdrawals
10-29 08:59 INFO     Tests.py:42  : [CP1] At timestamp: 1203380673 | 172 announcements | 1 withdrawals
10-29 08:59 INFO     Tests.py:42  : [CP1] At timestamp: 1203380674 | 55 announcements | 4 withdrawals
10-29 08:59 INFO     Tests.py:42  : [CP1] At timestamp: 1203380676 | 36 announcements | 37 withdrawals
10-29 08:59 INFO     Tests.py:42  : [CP1] At timestamp: 1203380677 | 24 announcements | 0 withdrawals
10-29 08:59 INFO     Tests.py:42  : [CP1] At timestamp: 1203380678 | 69 announcements | 18 withdrawals
10-29 08:59 INFO     Tests.py:42  : [CP1] At timestamp: 1203380679 | 199 announcements | 18 withdrawals
10-29 08:59 INFO     Tests.py:42  : [CP1] At timestamp: 1203380680 | 14 announcements | 35 withdrawals
10-29 08:59 INFO     Tests.py:42  : [CP1] At timestamp: 1203380681 | 46 announcements | 4 withdrawals
10-29 08:59 INFO     Tests.py:42  : [CP1] At timestamp: 1203380682 | 17 announcements | 5 withdrawals
10-29 08:59 INFO     Tests.py:42  : [CP1] At timestamp: 1203380683 | 227 announcements | 1 withdrawals
10-29 08:59 INFO     Tests.py:42  : [CP1] At timestamp: 1203380684 | 58 announcements | 34 withdrawals
10-29 08:59 INFO     Tests.py:42  : [CP1] At timestamp: 1203380685 | 45 announcements | 21 withdrawals
10-29 08:59 INFO     Tests.py:42  : [CP1] At timestamp: 1203380686 | 140 announcements | 189 withdrawals
10-29 08:59 INFO     Tests.py:42  : [CP1] At timestamp: 1203380687 | 113 announcements | 18 withdrawals
10-29 08:59 INFO     Tests.py:42  : [CP1] At timestamp: 1203380688 | 107 announcements | 2 withdrawals
10-29 08:59 INFO     Tests.py:42  : [CP1] At timestamp: 1203380689 | 7 announcements | 1 withdrawals
10-29 08:59 INFO     Tests.py:42  : [CP1] At timestamp: 1203380690 | 521 announcements | 57 withdrawals
10-29 08:59 INFO     Tests.py:42  : [CP1] At timestamp: 1203380691 | 7 announcements | 0 withdrawals
10-29 08:59 INFO     Tests.py:42  : [CP1] At timestamp: 1203380692 | 127 announcements | 49 withdrawals
10-29 08:59 INFO     Tests.py:42  : [CP1] At timestamp: 1203380693 | 214 announcements | 23 withdrawals
10-29 08:59 INFO     Tests.py:42  : [CP1] At timestamp: 1203380694 | 16 announcements | 1 withdrawals
10-29 08:59 INFO     Tests.py:42  : [CP1] At timestamp: 1203380695 | 283 announcements | 20 withdrawals
10-29 08:59 INFO     Tests.py:42  : [CP1] At timestamp: 1203380696 | 26 announcements | 4 withdrawals
10-29 08:59 INFO     Tests.py:42  : [CP1] At timestamp: 1203380697 | 62 announcements | 24 withdrawals
10-29 08:59 INFO     Tests.py:42  : [CP1] At timestamp: 1203380698 | 41 announcements | 27 withdrawals
10-29 08:59 INFO     Tests.py:42  : [CP1] At timestamp: 1203380699 | 245 announcements | 3 withdrawals
10-29 08:59 INFO     Tests.py:42  : [CP1] At timestamp: 1203380700 | 81 announcements | 6 withdrawals
10-29 08:59 INFO     Tests.py:42  : [CP1] At timestamp: 1203380701 | 14 announcements | 0 withdrawals
10-29 08:59 INFO     Tests.py:42  : [CP1] At timestamp: 1203380702 | 318 announcements | 5 withdrawals
10-29 08:59 INFO     Tests.py:42  : [CP1] At timestamp: 1203380703 | 200 announcements | 2 withdrawals
10-29 08:59 INFO     Tests.py:42  : [CP1] At timestamp: 1203380704 | 5 announcements | 0 withdrawals
10-29 08:59 INFO     Tests.py:42  : [CP1] At timestamp: 1203380711 | 728 announcements | 53 withdrawals
10-29 08:59 INFO     Tests.py:42  : [CP1] At timestamp: 1203380712 | 33 announcements | 0 withdrawals
10-29 08:59 INFO     Tests.py:42  : [CP1] At timestamp: 1203380713 | 27 announcements | 2 withdrawals
10-29 08:59 INFO     Tests.py:42  : [CP1] At timestamp: 1203380714 | 243 announcements | 20 withdrawals
10-29 08:59 INFO     Tests.py:42  : [CP1] At timestamp: 1203380715 | 18 announcements | 2 withdrawals
10-29 08:59 INFO     Tests.py:42  : [CP1] At timestamp: 1203380716 | 20 announcements | 0 withdrawals
10-29 08:59 INFO     Tests.py:42  : [CP1] At timestamp: 1203380717 | 147 announcements | 3 withdrawals
10-29 08:59 INFO     Tests.py:42  : [CP1] At timestamp: 1203380718 | 28 announcements | 2 withdrawals
10-29 08:59 INFO     Tests.py:42  : [CP1] At timestamp: 1203380719 | 42 announcements | 4 withdrawals
10-29 08:59 INFO     Tests.py:42  : [CP1] At timestamp: 1203380720 | 105 announcements | 4 withdrawals
10-29 08:59 INFO     Tests.py:42  : [CP1] At timestamp: 1203380721 | 27 announcements | 3 withdrawals
10-29 08:59 INFO     Tests.py:42  : [CP1] At timestamp: 1203380722 | 53 announcements | 6 withdrawals
10-29 08:59 INFO     Tests.py:42  : [CP1] At timestamp: 1203380723 | 319 announcements | 9 withdrawals
10-29 08:59 INFO     Tests.py:42  : [CP1] At timestamp: 1203380724 | 54 announcements | 17 withdrawals
10-29 08:59 INFO     Tests.py:42  : [CP1] At timestamp: 1203380725 | 16 announcements | 0 withdrawals
10-29 08:59 INFO     Tests.py:42  : [CP1] At timestamp: 1203380726 | 149 announcements | 5 withdrawals
10-29 08:59 INFO     Tests.py:42  : [CP1] At timestamp: 1203380727 | 21 announcements | 4 withdrawals
10-29 08:59 INFO     Tests.py:42  : [CP1] At timestamp: 1203380728 | 42 announcements | 6 withdrawals
10-29 08:59 INFO     Tests.py:42  : [CP1] At timestamp: 1203380729 | 55 announcements | 29 withdrawals
10-29 08:59 INFO     Tests.py:42  : [CP1] At timestamp: 1203380730 | 64 announcements | 4 withdrawals
10-29 08:59 INFO     Tests.py:42  : [CP1] At timestamp: 1203380731 | 3 announcements | 4 withdrawals
10-29 08:59 INFO     Tests.py:42  : [CP1] At timestamp: 1203380732 | 219 announcements | 3 withdrawals
10-29 08:59 INFO     Tests.py:42  : [CP1] At timestamp: 1203380733 | 2 announcements | 0 withdrawals
10-29 08:59 INFO     Tests.py:42  : [CP1] At timestamp: 1203380734 | 33 announcements | 5 withdrawals
10-29 08:59 INFO     Tests.py:42  : [CP1] At timestamp: 1203380735 | 29 announcements | 3 withdrawals
10-29 08:59 INFO     Tests.py:42  : [CP1] At timestamp: 1203380736 | 16 announcements | 3 withdrawals
10-29 08:59 INFO     Tests.py:42  : [CP1] At timestamp: 1203380737 | 19 announcements | 1 withdrawals
10-29 08:59 INFO     Tests.py:42  : [CP1] At timestamp: 1203380738 | 24 announcements | 2 withdrawals
10-29 08:59 INFO     Tests.py:42  : [CP1] At timestamp: 1203380739 | 64 announcements | 8 withdrawals
10-29 08:59 INFO     Tests.py:42  : [CP1] At timestamp: 1203380740 | 31 announcements | 3 withdrawals
10-29 08:59 INFO     Tests.py:42  : [CP1] At timestamp: 1203380741 | 28 announcements | 4 withdrawals
10-29 08:59 INFO     Tests.py:42  : [CP1] At timestamp: 1203380742 | 24 announcements | 1 withdrawals
10-29 08:59 INFO     Tests.py:42  : [CP1] At timestamp: 1203380743 | 6 announcements | 2 withdrawals
10-29 08:59 INFO     Tests.py:42  : [CP1] At timestamp: 1203380744 | 261 announcements | 26 withdrawals
10-29 08:59 INFO     Tests.py:42  : [CP1] At timestamp: 1203380745 | 37 announcements | 11 withdrawals
10-29 08:59 INFO     Tests.py:42  : [CP1] At timestamp: 1203380746 | 385 announcements | 3 withdrawals
10-29 08:59 INFO     Tests.py:42  : [CP1] At timestamp: 1203380747 | 67 announcements | 13 withdrawals
10-29 08:59 INFO     Tests.py:42  : [CP1] At timestamp: 1203380748 | 5 announcements | 0 withdrawals
10-29 08:59 INFO     Tests.py:42  : [CP1] At timestamp: 1203380749 | 14 announcements | 0 withdrawals
10-29 08:59 INFO     Tests.py:42  : [CP1] At timestamp: 1203380750 | 275 announcements | 2 withdrawals
10-29 08:59 INFO     Tests.py:42  : [CP1] At timestamp: 1203380751 | 49 announcements | 4 withdrawals
10-29 08:59 INFO     Tests.py:42  : [CP1] At timestamp: 1203380752 | 20 announcements | 0 withdrawals
10-29 08:59 INFO     Tests.py:42  : [CP1] At timestamp: 1203380753 | 62 announcements | 13 withdrawals
10-29 08:59 INFO     Tests.py:42  : [CP1] At timestamp: 1203380754 | 40 announcements | 3 withdrawals
10-29 08:59 INFO     Tests.py:42  : [CP1] At timestamp: 1203380755 | 8 announcements | 2 withdrawals
10-29 08:59 INFO     Tests.py:42  : [CP1] At timestamp: 1203380756 | 58 announcements | 5 withdrawals
10-29 08:59 INFO     Tests.py:42  : [CP1] At timestamp: 1203380757 | 60 announcements | 14 withdrawals
10-29 08:59 INFO     Tests.py:42  : [CP1] At timestamp: 1203380758 | 22 announcements | 2 withdrawals
10-29 08:59 INFO     Tests.py:42  : [CP1] At timestamp: 1203380759 | 13 announcements | 0 withdrawals
10-29 08:59 INFO     Tests.py:42  : [CP1] At timestamp: 1203380760 | 17 announcements | 5 withdrawals
10-29 08:59 INFO     Tests.py:42  : [CP1] At timestamp: 1203380761 | 42 announcements | 5 withdrawals
10-29 08:59 INFO     Tests.py:42  : [CP1] At timestamp: 1203380762 | 143 announcements | 3 withdrawals
10-29 08:59 INFO     Tests.py:42  : [CP1] At timestamp: 1203380763 | 10 announcements | 2 withdrawals
10-29 08:59 INFO     Tests.py:42  : [CP1] At timestamp: 1203380764 | 17 announcements | 0 withdrawals
10-29 08:59 INFO     Tests.py:42  : [CP1] At timestamp: 1203380771 | 151 announcements | 30 withdrawals
10-29 08:59 INFO     Tests.py:42  : [CP1] At timestamp: 1203380772 | 42 announcements | 3 withdrawals
10-29 08:59 INFO     Tests.py:42  : [CP1] At timestamp: 1203380773 | 12 announcements | 0 withdrawals
10-29 08:59 INFO     Tests.py:42  : [CP1] At timestamp: 1203380774 | 31 announcements | 3 withdrawals
10-29 08:59 INFO     Tests.py:42  : [CP1] At timestamp: 1203380775 | 16 announcements | 2 withdrawals
10-29 08:59 INFO     Tests.py:42  : [CP1] At timestamp: 1203380776 | 241 announcements | 4 withdrawals
10-29 08:59 INFO     Tests.py:42  : [CP1] At timestamp: 1203380777 | 6 announcements | 0 withdrawals
10-29 08:59 INFO     Tests.py:42  : [CP1] At timestamp: 1203380778 | 3 announcements | 0 withdrawals
10-29 08:59 INFO     Tests.py:42  : [CP1] At timestamp: 1203380779 | 27 announcements | 2 withdrawals
10-29 08:59 INFO     Tests.py:42  : [CP1] At timestamp: 1203380780 | 2 announcements | 3 withdrawals
10-29 08:59 INFO     Tests.py:42  : [CP1] At timestamp: 1203380781 | 47 announcements | 3 withdrawals
10-29 08:59 INFO     Tests.py:42  : [CP1] At timestamp: 1203380782 | 4 announcements | 0 withdrawals
10-29 08:59 INFO     Tests.py:42  : [CP1] At timestamp: 1203380783 | 32 announcements | 2 withdrawals
10-29 08:59 INFO     Tests.py:42  : [CP1] At timestamp: 1203380784 | 32 announcements | 5 withdrawals
10-29 08:59 INFO     Tests.py:42  : [CP1] At timestamp: 1203380785 | 16 announcements | 2 withdrawals
10-29 08:59 INFO     Tests.py:42  : [CP1] At timestamp: 1203380786 | 42 announcements | 11 withdrawals
10-29 08:59 INFO     Tests.py:42  : [CP1] At timestamp: 1203380787 | 34 announcements | 13 withdrawals
10-29 08:59 INFO     Tests.py:42  : [CP1] At timestamp: 1203380788 | 33 announcements | 8 withdrawals
10-29 08:59 INFO     Tests.py:42  : [CP1] At timestamp: 1203380789 | 6 announcements | 7 withdrawals
10-29 08:59 INFO     Tests.py:42  : [CP1] At timestamp: 1203380790 | 12 announcements | 0 withdrawals
10-29 08:59 INFO     Tests.py:42  : [CP1] At timestamp: 1203380791 | 6 announcements | 0 withdrawals
10-29 08:59 INFO     Tests.py:42  : [CP1] At timestamp: 1203380792 | 44 announcements | 5 withdrawals
10-29 08:59 INFO     Tests.py:42  : [CP1] At timestamp: 1203380793 | 290 announcements | 1 withdrawals
10-29 08:59 INFO     Tests.py:42  : [CP1] At timestamp: 1203380794 | 24 announcements | 4 withdrawals
10-29 08:59 INFO     Tests.py:42  : [CP1] At timestamp: 1203380795 | 6 announcements | 2 withdrawals
10-29 08:59 INFO     Tests.py:42  : [CP1] At timestamp: 1203380796 | 1 announcements | 0 withdrawals
10-29 08:59 INFO     Tests.py:42  : [CP1] At timestamp: 1203380797 | 5 announcements | 6 withdrawals
10-29 08:59 INFO     Tests.py:42  : [CP1] At timestamp: 1203380798 | 31 announcements | 12 withdrawals
10-29 08:59 INFO     Tests.py:42  : [CP1] At timestamp: 1203380799 | 30 announcements | 3 withdrawals
10-29 08:59 INFO     Tests.py:42  : [CP1] At timestamp: 1203380800 | 19 announcements | 2 withdrawals
10-29 08:59 INFO     Tests.py:42  : [CP1] At timestamp: 1203380801 | 5 announcements | 1 withdrawals
10-29 08:59 INFO     Tests.py:42  : [CP1] At timestamp: 1203380802 | 6 announcements | 0 withdrawals
10-29 08:59 INFO     Tests.py:42  : [CP1] At timestamp: 1203380803 | 19 announcements | 2 withdrawals
10-29 08:59 INFO     Tests.py:42  : [CP1] At timestamp: 1203380804 | 34 announcements | 2 withdrawals
10-29 08:59 INFO     Tests.py:42  : [CP1] At timestamp: 1203380805 | 4 announcements | 3 withdrawals
10-29 08:59 INFO     Tests.py:42  : [CP1] At timestamp: 1203380806 | 40 announcements | 12 withdrawals
10-29 08:59 INFO     Tests.py:42  : [CP1] At timestamp: 1203380807 | 53 announcements | 1 withdrawals
10-29 08:59 INFO     Tests.py:42  : [CP1] At timestamp: 1203380808 | 33 announcements | 2 withdrawals
10-29 08:59 INFO     Tests.py:42  : [CP1] At timestamp: 1203380809 | 78 announcements | 3 withdrawals
10-29 08:59 INFO     Tests.py:42  : [CP1] At timestamp: 1203380810 | 27 announcements | 0 withdrawals
10-29 08:59 INFO     Tests.py:42  : [CP1] At timestamp: 1203380811 | 70 announcements | 12 withdrawals
10-29 08:59 INFO     Tests.py:42  : [CP1] At timestamp: 1203380812 | 178 announcements | 4 withdrawals
10-29 08:59 INFO     Tests.py:42  : [CP1] At timestamp: 1203380813 | 591 announcements | 0 withdrawals
10-29 08:59 INFO     Tests.py:42  : [CP1] At timestamp: 1203380814 | 77 announcements | 10 withdrawals
10-29 08:59 INFO     Tests.py:42  : [CP1] At timestamp: 1203380815 | 37 announcements | 9 withdrawals
10-29 08:59 INFO     Tests.py:42  : [CP1] At timestamp: 1203380816 | 35 announcements | 1 withdrawals
10-29 08:59 INFO     Tests.py:42  : [CP1] At timestamp: 1203380817 | 47 announcements | 21 withdrawals
10-29 08:59 INFO     Tests.py:42  : [CP1] At timestamp: 1203380818 | 45 announcements | 7 withdrawals
10-29 08:59 INFO     Tests.py:42  : [CP1] At timestamp: 1203380819 | 34 announcements | 17 withdrawals
10-29 08:59 INFO     Tests.py:42  : [CP1] At timestamp: 1203380820 | 8 announcements | 3 withdrawals
10-29 08:59 INFO     Tests.py:42  : [CP1] At timestamp: 1203380821 | 33 announcements | 2 withdrawals
10-29 08:59 INFO     Tests.py:42  : [CP1] At timestamp: 1203380822 | 40 announcements | 2 withdrawals
10-29 08:59 INFO     Tests.py:42  : [CP1] At timestamp: 1203380823 | 56 announcements | 5 withdrawals
10-29 08:59 INFO     Tests.py:42  : [CP1] At timestamp: 1203380824 | 10 announcements | 2 withdrawals
10-29 08:59 INFO     Tests.py:42  : [CP1] At timestamp: 1203380831 | 232 announcements | 36 withdrawals
10-29 08:59 INFO     Tests.py:42  : [CP1] At timestamp: 1203380832 | 12 announcements | 3 withdrawals
10-29 08:59 INFO     Tests.py:42  : [CP1] At timestamp: 1203380833 | 82 announcements | 0 withdrawals
10-29 08:59 INFO     Tests.py:42  : [CP1] At timestamp: 1203380834 | 32 announcements | 5 withdrawals
10-29 08:59 INFO     Tests.py:42  : [CP1] At timestamp: 1203380835 | 49 announcements | 6 withdrawals
10-29 08:59 INFO     Tests.py:42  : [CP1] At timestamp: 1203380836 | 40 announcements | 6 withdrawals
10-29 08:59 INFO     Tests.py:42  : [CP1] At timestamp: 1203380837 | 62 announcements | 5 withdrawals
10-29 08:59 INFO     Tests.py:42  : [CP1] At timestamp: 1203380838 | 11 announcements | 2 withdrawals
10-29 08:59 INFO     Tests.py:42  : [CP1] At timestamp: 1203380839 | 10 announcements | 1 withdrawals
10-29 08:59 INFO     Tests.py:42  : [CP1] At timestamp: 1203380840 | 9 announcements | 0 withdrawals
10-29 08:59 INFO     Tests.py:42  : [CP1] At timestamp: 1203380841 | 44 announcements | 3 withdrawals
10-29 08:59 INFO     Tests.py:42  : [CP1] At timestamp: 1203380842 | 43 announcements | 5 withdrawals
10-29 08:59 INFO     Tests.py:42  : [CP1] At timestamp: 1203380843 | 30 announcements | 1 withdrawals
10-29 08:59 INFO     Tests.py:42  : [CP1] At timestamp: 1203380844 | 49 announcements | 4 withdrawals
10-29 08:59 INFO     Tests.py:42  : [CP1] At timestamp: 1203380845 | 104 announcements | 9 withdrawals
10-29 08:59 INFO     Tests.py:42  : [CP1] At timestamp: 1203380846 | 18 announcements | 6 withdrawals
10-29 08:59 INFO     Tests.py:42  : [CP1] At timestamp: 1203380847 | 28 announcements | 7 withdrawals
10-29 08:59 INFO     Tests.py:42  : [CP1] At timestamp: 1203380848 | 89 announcements | 14 withdrawals
10-29 08:59 INFO     Tests.py:42  : [CP1] At timestamp: 1203380849 | 59 announcements | 12 withdrawals
10-29 08:59 INFO     Tests.py:42  : [CP1] At timestamp: 1203380850 | 13 announcements | 2 withdrawals
10-29 08:59 INFO     Tests.py:42  : [CP1] At timestamp: 1203380851 | 12 announcements | 9 withdrawals
10-29 08:59 INFO     Tests.py:42  : [CP1] At timestamp: 1203380852 | 108 announcements | 16 withdrawals
10-29 08:59 INFO     Tests.py:42  : [CP1] At timestamp: 1203380853 | 19 announcements | 1 withdrawals
10-29 08:59 INFO     Tests.py:42  : [CP1] At timestamp: 1203380854 | 5 announcements | 0 withdrawals
10-29 08:59 INFO     Tests.py:42  : [CP1] At timestamp: 1203380855 | 18 announcements | 1 withdrawals
10-29 08:59 INFO     Tests.py:42  : [CP1] At timestamp: 1203380856 | 12 announcements | 0 withdrawals
10-29 08:59 INFO     Tests.py:42  : [CP1] At timestamp: 1203380857 | 20 announcements | 3 withdrawals
10-29 08:59 INFO     Tests.py:42  : [CP1] At timestamp: 1203380858 | 14 announcements | 2 withdrawals
10-29 08:59 INFO     Tests.py:42  : [CP1] At timestamp: 1203380859 | 98 announcements | 4 withdrawals
10-29 08:59 INFO     Tests.py:42  : [CP1] At timestamp: 1203380860 | 139 announcements | 11 withdrawals
10-29 08:59 INFO     Tests.py:42  : [CP1] At timestamp: 1203380861 | 99 announcements | 2 withdrawals
10-29 08:59 INFO     Tests.py:42  : [CP1] At timestamp: 1203380862 | 71 announcements | 10 withdrawals
10-29 08:59 INFO     Tests.py:42  : [CP1] At timestamp: 1203380863 | 70 announcements | 0 withdrawals
10-29 08:59 INFO     Tests.py:42  : [CP1] At timestamp: 1203380864 | 63 announcements | 4 withdrawals
10-29 08:59 INFO     Tests.py:42  : [CP1] At timestamp: 1203380865 | 10 announcements | 1 withdrawals
10-29 08:59 INFO     Tests.py:42  : [CP1] At timestamp: 1203380866 | 85 announcements | 7 withdrawals
10-29 08:59 INFO     Tests.py:42  : [CP1] At timestamp: 1203380867 | 51 announcements | 4 withdrawals
10-29 08:59 INFO     Tests.py:42  : [CP1] At timestamp: 1203380868 | 9 announcements | 0 withdrawals
10-29 08:59 INFO     Tests.py:42  : [CP1] At timestamp: 1203380869 | 12 announcements | 0 withdrawals
10-29 08:59 INFO     Tests.py:42  : [CP1] At timestamp: 1203380870 | 2 announcements | 2 withdrawals
10-29 08:59 INFO     Tests.py:42  : [CP1] At timestamp: 1203380871 | 29 announcements | 0 withdrawals
10-29 08:59 INFO     Tests.py:42  : [CP1] At timestamp: 1203380872 | 142 announcements | 11 withdrawals
10-29 08:59 INFO     Tests.py:42  : [CP1] At timestamp: 1203380873 | 36 announcements | 7 withdrawals
10-29 08:59 INFO     Tests.py:42  : [CP1] At timestamp: 1203380874 | 40 announcements | 8 withdrawals
10-29 08:59 INFO     Tests.py:42  : [CP1] At timestamp: 1203380875 | 202 announcements | 14 withdrawals
10-29 08:59 INFO     Tests.py:42  : [CP1] At timestamp: 1203380876 | 11 announcements | 2 withdrawals
10-29 08:59 INFO     Tests.py:42  : [CP1] At timestamp: 1203380877 | 464 announcements | 1 withdrawals
10-29 08:59 INFO     Tests.py:42  : [CP1] At timestamp: 1203380878 | 133 announcements | 13 withdrawals
10-29 08:59 INFO     Tests.py:42  : [CP1] At timestamp: 1203380879 | 291 announcements | 6 withdrawals
10-29 08:59 INFO     Tests.py:42  : [CP1] At timestamp: 1203380880 | 24 announcements | 0 withdrawals
10-29 08:59 INFO     Tests.py:42  : [CP1] At timestamp: 1203380881 | 166 announcements | 3 withdrawals
10-29 08:59 INFO     Tests.py:42  : [CP1] At timestamp: 1203380882 | 304 announcements | 3 withdrawals
10-29 08:59 INFO     Tests.py:42  : [CP1] At timestamp: 1203380883 | 5 announcements | 3 withdrawals
10-29 08:59 INFO     Tests.py:42  : [CP1] At timestamp: 1203380891 | 250 announcements | 23 withdrawals
10-29 08:59 INFO     Tests.py:42  : [CP1] At timestamp: 1203380892 | 12 announcements | 3 withdrawals
10-29 08:59 INFO     Tests.py:42  : [CP1] At timestamp: 1203380893 | 10 announcements | 0 withdrawals
10-29 08:59 INFO     Tests.py:42  : [CP1] At timestamp: 1203380894 | 78 announcements | 5 withdrawals
10-29 08:59 INFO     Tests.py:42  : [CP1] At timestamp: 1203380895 | 4 announcements | 0 withdrawals
10-29 08:59 INFO     Tests.py:42  : [CP1] At timestamp: 1203380896 | 85 announcements | 1 withdrawals
10-29 08:59 INFO     Tests.py:42  : [CP1] At timestamp: 1203380898 | 23 announcements | 2 withdrawals
10-29 08:59 INFO     Tests.py:42  : [CP1] At timestamp: 1203380899 | 7 announcements | 0 withdrawals
10-29 08:59 INFO     Tests.py:42  : [CP1] At timestamp: 1203380900 | 3 announcements | 2 withdrawals
10-29 08:59 INFO     Tests.py:42  : [CP1] At timestamp: 1203380901 | 8 announcements | 0 withdrawals
10-29 08:59 INFO     Tests.py:42  : [CP1] At timestamp: 1203380902 | 18 announcements | 3 withdrawals
10-29 08:59 INFO     Tests.py:42  : [CP1] At timestamp: 1203380903 | 21 announcements | 1 withdrawals
10-29 08:59 INFO     Tests.py:42  : [CP1] At timestamp: 1203380904 | 23 announcements | 2 withdrawals
10-29 08:59 INFO     Tests.py:42  : [CP1] At timestamp: 1203380905 | 42 announcements | 0 withdrawals
10-29 08:59 INFO     Tests.py:42  : [CP1] At timestamp: 1203380906 | 48 announcements | 2 withdrawals
10-29 08:59 INFO     Tests.py:42  : [CP1] At timestamp: 1203380907 | 23 announcements | 2 withdrawals
10-29 08:59 INFO     Tests.py:42  : [CP1] At timestamp: 1203380908 | 247 announcements | 4 withdrawals
10-29 08:59 INFO     Tests.py:42  : [CP1] At timestamp: 1203380909 | 27 announcements | 4 withdrawals
10-29 08:59 INFO     Tests.py:42  : [CP1] At timestamp: 1203380910 | 2 announcements | 5 withdrawals
10-29 08:59 INFO     Tests.py:42  : [CP1] At timestamp: 1203380911 | 2 announcements | 2 withdrawals
10-29 08:59 INFO     Tests.py:42  : [CP1] At timestamp: 1203380912 | 43 announcements | 15 withdrawals
10-29 08:59 INFO     Tests.py:42  : [CP1] At timestamp: 1203380913 | 15 announcements | 2 withdrawals
10-29 08:59 INFO     Tests.py:42  : [CP1] At timestamp: 1203380914 | 25 announcements | 6 withdrawals
10-29 08:59 INFO     Tests.py:42  : [CP1] At timestamp: 1203380915 | 33 announcements | 10 withdrawals
10-29 08:59 INFO     Tests.py:42  : [CP1] At timestamp: 1203380916 | 4 announcements | 9 withdrawals
10-29 08:59 INFO     Tests.py:42  : [CP1] At timestamp: 1203380917 | 6 announcements | 0 withdrawals
10-29 08:59 INFO     Tests.py:42  : [CP1] At timestamp: 1203380918 | 13 announcements | 3 withdrawals
10-29 08:59 INFO     Tests.py:42  : [CP1] At timestamp: 1203380919 | 15 announcements | 0 withdrawals
10-29 08:59 INFO     Tests.py:42  : [CP1] At timestamp: 1203380920 | 14 announcements | 2 withdrawals
10-29 08:59 INFO     Tests.py:42  : [CP1] At timestamp: 1203380921 | 63 announcements | 3 withdrawals
10-29 08:59 INFO     Tests.py:42  : [CP1] At timestamp: 1203380922 | 16 announcements | 3 withdrawals
10-29 08:59 INFO     Tests.py:42  : [CP1] At timestamp: 1203380923 | 9 announcements | 1 withdrawals
10-29 08:59 INFO     Tests.py:42  : [CP1] At timestamp: 1203380924 | 17 announcements | 4 withdrawals
10-29 08:59 INFO     Tests.py:42  : [CP1] At timestamp: 1203380925 | 24 announcements | 5 withdrawals
10-29 08:59 INFO     Tests.py:42  : [CP1] At timestamp: 1203380926 | 127 announcements | 16 withdrawals
10-29 08:59 INFO     Tests.py:42  : [CP1] At timestamp: 1203380927 | 16 announcements | 1 withdrawals
10-29 08:59 INFO     Tests.py:42  : [CP1] At timestamp: 1203380928 | 2 announcements | 4 withdrawals
10-29 08:59 INFO     Tests.py:42  : [CP1] At timestamp: 1203380929 | 18 announcements | 7 withdrawals
10-29 08:59 INFO     Tests.py:42  : [CP1] At timestamp: 1203380930 | 19 announcements | 3 withdrawals
10-29 08:59 INFO     Tests.py:42  : [CP1] At timestamp: 1203380931 | 3 announcements | 0 withdrawals
10-29 08:59 INFO     Tests.py:42  : [CP1] At timestamp: 1203380932 | 10 announcements | 5 withdrawals
10-29 08:59 INFO     Tests.py:42  : [CP1] At timestamp: 1203380933 | 72 announcements | 10 withdrawals
10-29 08:59 INFO     Tests.py:42  : [CP1] At timestamp: 1203380934 | 63 announcements | 7 withdrawals
10-29 08:59 INFO     Tests.py:42  : [CP1] At timestamp: 1203380935 | 58 announcements | 12 withdrawals
10-29 08:59 INFO     Tests.py:42  : [CP1] At timestamp: 1203380936 | 43 announcements | 4 withdrawals
10-29 08:59 INFO     Tests.py:42  : [CP1] At timestamp: 1203380937 | 17 announcements | 1 withdrawals
10-29 08:59 INFO     Tests.py:42  : [CP1] At timestamp: 1203380938 | 20 announcements | 2 withdrawals
10-29 08:59 INFO     Tests.py:42  : [CP1] At timestamp: 1203380939 | 73 announcements | 14 withdrawals
10-29 08:59 INFO     Tests.py:42  : [CP1] At timestamp: 1203380940 | 72 announcements | 24 withdrawals
10-29 08:59 INFO     Tests.py:42  : [CP1] At timestamp: 1203380941 | 33 announcements | 4 withdrawals
10-29 08:59 INFO     Tests.py:42  : [CP1] At timestamp: 1203380942 | 45 announcements | 18 withdrawals
10-29 08:59 INFO     Tests.py:42  : [CP1] At timestamp: 1203380943 | 11 announcements | 0 withdrawals
10-29 08:59 INFO     Tests.py:42  : [CP1] At timestamp: 1203380944 | 6 announcements | 1 withdrawals
10-29 08:59 INFO     Tests.py:42  : [CP1] At timestamp: 1203380951 | 160 announcements | 37 withdrawals
10-29 08:59 INFO     Tests.py:42  : [CP1] At timestamp: 1203380952 | 54 announcements | 5 withdrawals
10-29 08:59 INFO     Tests.py:42  : [CP1] At timestamp: 1203380953 | 38 announcements | 7 withdrawals
10-29 08:59 INFO     Tests.py:42  : [CP1] At timestamp: 1203380954 | 32 announcements | 4 withdrawals
10-29 08:59 INFO     Tests.py:42  : [CP1] At timestamp: 1203380955 | 25 announcements | 10 withdrawals
10-29 08:59 INFO     Tests.py:42  : [CP1] At timestamp: 1203380956 | 90 announcements | 2 withdrawals
10-29 08:59 INFO     Tests.py:42  : [CP1] At timestamp: 1203380957 | 47 announcements | 18 withdrawals
10-29 08:59 INFO     Tests.py:42  : [CP1] At timestamp: 1203380958 | 32 announcements | 2 withdrawals
10-29 08:59 INFO     Tests.py:42  : [CP1] At timestamp: 1203380959 | 49 announcements | 7 withdrawals
10-29 08:59 INFO     Tests.py:42  : [CP1] At timestamp: 1203380960 | 45 announcements | 7 withdrawals
10-29 08:59 INFO     Tests.py:42  : [CP1] At timestamp: 1203380961 | 20 announcements | 1 withdrawals
10-29 08:59 INFO     Tests.py:42  : [CP1] At timestamp: 1203380962 | 20 announcements | 6 withdrawals
10-29 08:59 INFO     Tests.py:42  : [CP1] At timestamp: 1203380963 | 42 announcements | 11 withdrawals
10-29 08:59 INFO     Tests.py:42  : [CP1] At timestamp: 1203380964 | 42 announcements | 1 withdrawals
10-29 08:59 INFO     Tests.py:42  : [CP1] At timestamp: 1203380965 | 242 announcements | 25 withdrawals
10-29 08:59 INFO     Tests.py:42  : [CP1] At timestamp: 1203380966 | 152 announcements | 1 withdrawals
10-29 08:59 INFO     Tests.py:42  : [CP1] At timestamp: 1203380967 | 134 announcements | 4 withdrawals
10-29 08:59 INFO     Tests.py:42  : [CP1] At timestamp: 1203380968 | 114 announcements | 20 withdrawals
10-29 08:59 INFO     Tests.py:42  : [CP1] At timestamp: 1203380969 | 128 announcements | 6 withdrawals
10-29 08:59 INFO     Tests.py:42  : [CP1] At timestamp: 1203380970 | 167 announcements | 24 withdrawals
10-29 08:59 INFO     Tests.py:42  : [CP1] At timestamp: 1203380971 | 48 announcements | 9 withdrawals
10-29 08:59 INFO     Tests.py:42  : [CP1] At timestamp: 1203380972 | 102 announcements | 7 withdrawals
10-29 08:59 INFO     Tests.py:42  : [CP1] At timestamp: 1203380973 | 121 announcements | 1 withdrawals
10-29 08:59 INFO     Tests.py:42  : [CP1] At timestamp: 1203380974 | 12 announcements | 2 withdrawals
10-29 08:59 INFO     Tests.py:42  : [CP1] At timestamp: 1203380975 | 20 announcements | 7 withdrawals
10-29 08:59 INFO     Tests.py:42  : [CP1] At timestamp: 1203380976 | 123 announcements | 1 withdrawals
10-29 08:59 INFO     Tests.py:42  : [CP1] At timestamp: 1203380977 | 124 announcements | 0 withdrawals
10-29 08:59 INFO     Tests.py:42  : [CP1] At timestamp: 1203380978 | 35 announcements | 0 withdrawals
10-29 08:59 INFO     Tests.py:42  : [CP1] At timestamp: 1203380979 | 40 announcements | 4 withdrawals
10-29 08:59 INFO     Tests.py:42  : [CP1] At timestamp: 1203380980 | 122 announcements | 5 withdrawals
10-29 08:59 INFO     Tests.py:42  : [CP1] At timestamp: 1203380981 | 113 announcements | 7 withdrawals
10-29 08:59 INFO     Tests.py:42  : [CP1] At timestamp: 1203380982 | 56 announcements | 1 withdrawals
10-29 08:59 INFO     Tests.py:42  : [CP1] At timestamp: 1203380983 | 76 announcements | 3 withdrawals
10-29 08:59 INFO     Tests.py:42  : [CP1] At timestamp: 1203380984 | 17 announcements | 3 withdrawals
10-29 08:59 INFO     Tests.py:42  : [CP1] At timestamp: 1203380985 | 234 announcements | 5 withdrawals
10-29 08:59 INFO     Tests.py:42  : [CP1] At timestamp: 1203380986 | 280 announcements | 8 withdrawals
10-29 08:59 INFO     Tests.py:42  : [CP1] At timestamp: 1203380987 | 99 announcements | 6 withdrawals
10-29 08:59 INFO     Tests.py:42  : [CP1] At timestamp: 1203380988 | 46 announcements | 0 withdrawals
10-29 08:59 INFO     Tests.py:42  : [CP1] At timestamp: 1203380989 | 211 announcements | 9 withdrawals
10-29 08:59 INFO     Tests.py:42  : [CP1] At timestamp: 1203380990 | 46 announcements | 6 withdrawals
10-29 08:59 INFO     Tests.py:42  : [CP1] At timestamp: 1203380991 | 58 announcements | 6 withdrawals
10-29 08:59 INFO     Tests.py:42  : [CP1] At timestamp: 1203380992 | 45 announcements | 0 withdrawals
10-29 08:59 INFO     Tests.py:42  : [CP1] At timestamp: 1203380993 | 126 announcements | 10 withdrawals
10-29 08:59 INFO     Tests.py:42  : [CP1] At timestamp: 1203380994 | 24 announcements | 4 withdrawals
10-29 08:59 INFO     Tests.py:42  : [CP1] At timestamp: 1203380995 | 167 announcements | 17 withdrawals
10-29 08:59 INFO     Tests.py:42  : [CP1] At timestamp: 1203380996 | 34 announcements | 8 withdrawals
10-29 08:59 INFO     Tests.py:42  : [CP1] At timestamp: 1203380997 | 88 announcements | 9 withdrawals
10-29 08:59 INFO     Tests.py:42  : [CP1] At timestamp: 1203380998 | 66 announcements | 9 withdrawals
10-29 08:59 INFO     Tests.py:42  : [CP1] At timestamp: 1203380999 | 104 announcements | 0 withdrawals
10-29 08:59 INFO     Tests.py:42  : [CP1] At timestamp: 1203381000 | 57 announcements | 10 withdrawals
10-29 08:59 INFO     Tests.py:42  : [CP1] At timestamp: 1203381001 | 82 announcements | 14 withdrawals
10-29 08:59 INFO     Tests.py:42  : [CP1] At timestamp: 1203381002 | 102 announcements | 14 withdrawals
10-29 08:59 INFO     Tests.py:42  : [CP1] At timestamp: 1203381003 | 30 announcements | 5 withdrawals
10-29 08:59 INFO     Tests.py:42  : [CP1] At timestamp: 1203381004 | 9 announcements | 2 withdrawals
10-29 08:59 INFO     Tests.py:35  : [CP1] No more updates to process in file: ./data/updates.20080219.0015.bz2
10-29 08:59 INFO     Tests.py:23  : [CP1] Tests for checkpoint 1 complete. Verify that your results match the sample output log file.
